<?xml version="1.0" encoding="UTF-8"?>
<testsuite xmlns:xsi="http://www.w3.org/2001/XMLSchema-instance" xsi:noNamespaceSchemaLocation="https://maven.apache.org/surefire/maven-surefire-plugin/xsd/surefire-test-report.xsd" name="com.heima.schedule.RedisTest" time="8.39" tests="1" errors="1" skipped="0" failures="0">
  <properties>
    <property name="sun.desktop" value="windows"/>
    <property name="awt.toolkit" value="sun.awt.windows.WToolkit"/>
    <property name="file.encoding.pkg" value="sun.io"/>
    <property name="java.specification.version" value="1.8"/>
    <property name="sun.cpu.isalist" value="amd64"/>
    <property name="sun.jnu.encoding" value="GBK"/>
    <property name="java.class.path" value="D:\work_place\IDEA\leadnews\heima-leadnews-service\heima-leadnews-schedule\target\test-classes;D:\work_place\IDEA\leadnews\heima-leadnews-service\heima-leadnews-schedule\target\classes;D:\work_place\IDEA\respository\respository_new\com\heima\heima-leadnews-model\1.0-SNAPSHOT\heima-leadnews-model-1.0-SNAPSHOT.jar;D:\work_place\IDEA\respository\respository_new\mysql\mysql-connector-java\5.1.46\mysql-connector-java-5.1.46.jar;D:\work_place\IDEA\respository\respository_new\org\mybatis\mybatis\3.5.1\mybatis-3.5.1.jar;D:\work_place\IDEA\respository\respository_new\org\apache\commons\commons-lang3\3.5\commons-lang3-3.5.jar;D:\work_place\IDEA\respository\respository_new\com\baomidou\mybatis-plus-boot-starter\3.4.1\mybatis-plus-boot-starter-3.4.1.jar;D:\work_place\IDEA\respository\respository_new\com\baomidou\mybatis-plus\3.4.1\mybatis-plus-3.4.1.jar;D:\work_place\IDEA\respository\respository_new\com\baomidou\mybatis-plus-extension\3.4.1\mybatis-plus-extension-3.4.1.jar;D:\work_place\IDEA\respository\respository_new\com\baomidou\mybatis-plus-core\3.4.1\mybatis-plus-core-3.4.1.jar;D:\work_place\IDEA\respository\respository_new\com\baomidou\mybatis-plus-annotation\3.4.1\mybatis-plus-annotation-3.4.1.jar;D:\work_place\IDEA\respository\respository_new\com\github\jsqlparser\jsqlparser\3.2\jsqlparser-3.2.jar;D:\work_place\IDEA\respository\respository_new\org\mybatis\mybatis-spring\2.0.1\mybatis-spring-2.0.1.jar;D:\work_place\IDEA\respository\respository_new\org\springframework\boot\spring-boot-autoconfigure\2.3.9.RELEASE\spring-boot-autoconfigure-2.3.9.RELEASE.jar;D:\work_place\IDEA\respository\respository_new\org\springframework\boot\spring-boot-starter-jdbc\2.3.9.RELEASE\spring-boot-starter-jdbc-2.3.9.RELEASE.jar;D:\work_place\IDEA\respository\respository_new\com\zaxxer\HikariCP\3.4.5\HikariCP-3.4.5.jar;D:\work_place\IDEA\respository\respository_new\org\springframework\spring-jdbc\5.2.13.RELEASE\spring-jdbc-5.2.13.RELEASE.jar;D:\work_place\IDEA\respository\respository_new\com\alibaba\fastjson\1.2.58\fastjson-1.2.58.jar;D:\work_place\IDEA\respository\respository_new\io\springfox\springfox-swagger2\2.9.2\springfox-swagger2-2.9.2.jar;D:\work_place\IDEA\respository\respository_new\io\swagger\swagger-annotations\1.5.20\swagger-annotations-1.5.20.jar;D:\work_place\IDEA\respository\respository_new\io\swagger\swagger-models\1.5.20\swagger-models-1.5.20.jar;D:\work_place\IDEA\respository\respository_new\com\fasterxml\jackson\core\jackson-annotations\2.11.4\jackson-annotations-2.11.4.jar;D:\work_place\IDEA\respository\respository_new\io\springfox\springfox-spi\2.9.2\springfox-spi-2.9.2.jar;D:\work_place\IDEA\respository\respository_new\io\springfox\springfox-core\2.9.2\springfox-core-2.9.2.jar;D:\work_place\IDEA\respository\respository_new\io\springfox\springfox-schema\2.9.2\springfox-schema-2.9.2.jar;D:\work_place\IDEA\respository\respository_new\io\springfox\springfox-swagger-common\2.9.2\springfox-swagger-common-2.9.2.jar;D:\work_place\IDEA\respository\respository_new\io\springfox\springfox-spring-web\2.9.2\springfox-spring-web-2.9.2.jar;D:\work_place\IDEA\respository\respository_new\com\google\guava\guava\29.0-jre\guava-29.0-jre.jar;D:\work_place\IDEA\respository\respository_new\com\google\guava\failureaccess\1.0.1\failureaccess-1.0.1.jar;D:\work_place\IDEA\respository\respository_new\com\google\guava\listenablefuture\9999.0-empty-to-avoid-conflict-with-guava\listenablefuture-9999.0-empty-to-avoid-conflict-with-guava.jar;D:\work_place\IDEA\respository\respository_new\com\google\code\findbugs\jsr305\3.0.2\jsr305-3.0.2.jar;D:\work_place\IDEA\respository\respository_new\org\checkerframework\checker-qual\2.11.1\checker-qual-2.11.1.jar;D:\work_place\IDEA\respository\respository_new\com\google\errorprone\error_prone_annotations\2.3.4\error_prone_annotations-2.3.4.jar;D:\work_place\IDEA\respository\respository_new\com\google\j2objc\j2objc-annotations\1.3\j2objc-annotations-1.3.jar;D:\work_place\IDEA\respository\respository_new\com\fasterxml\classmate\1.5.1\classmate-1.5.1.jar;D:\work_place\IDEA\respository\respository_new\org\slf4j\slf4j-api\1.7.30\slf4j-api-1.7.30.jar;D:\work_place\IDEA\respository\respository_new\org\springframework\plugin\spring-plugin-core\1.2.0.RELEASE\spring-plugin-core-1.2.0.RELEASE.jar;D:\work_place\IDEA\respository\respository_new\org\springframework\plugin\spring-plugin-metadata\1.2.0.RELEASE\spring-plugin-metadata-1.2.0.RELEASE.jar;D:\work_place\IDEA\respository\respository_new\org\mapstruct\mapstruct\1.2.0.Final\mapstruct-1.2.0.Final.jar;D:\work_place\IDEA\respository\respository_new\io\springfox\springfox-swagger-ui\2.9.2\springfox-swagger-ui-2.9.2.jar;D:\work_place\IDEA\respository\respository_new\com\heima\heima-leadnews-common\1.0-SNAPSHOT\heima-leadnews-common-1.0-SNAPSHOT.jar;D:\work_place\IDEA\respository\respository_new\com\heima\heima-leadnews-utils\1.0-SNAPSHOT\heima-leadnews-utils-1.0-SNAPSHOT.jar;D:\work_place\IDEA\respository\respository_new\commons-codec\commons-codec\1.12\commons-codec-1.12.jar;D:\work_place\IDEA\respository\respository_new\io\jsonwebtoken\jjwt\0.9.1\jjwt-0.9.1.jar;D:\work_place\IDEA\respository\respository_new\com\hankcs\hanlp\portable-1.3.4\hanlp-portable-1.3.4.jar;D:\work_place\IDEA\respository\respository_new\commons-beanutils\commons-beanutils\1.9.3\commons-beanutils-1.9.3.jar;D:\work_place\IDEA\respository\respository_new\commons-logging\commons-logging\1.2\commons-logging-1.2.jar;D:\work_place\IDEA\respository\respository_new\commons-collections\commons-collections\3.2.2\commons-collections-3.2.2.jar;D:\work_place\IDEA\respository\respository_new\io\protostuff\protostuff-core\1.6.0\protostuff-core-1.6.0.jar;D:\work_place\IDEA\respository\respository_new\io\protostuff\protostuff-api\1.6.0\protostuff-api-1.6.0.jar;D:\work_place\IDEA\respository\respository_new\io\protostuff\protostuff-runtime\1.6.0\protostuff-runtime-1.6.0.jar;D:\work_place\IDEA\respository\respository_new\io\protostuff\protostuff-collectionschema\1.6.0\protostuff-collectionschema-1.6.0.jar;D:\work_place\IDEA\respository\respository_new\org\reflections\reflections\0.9.11\reflections-0.9.11.jar;D:\work_place\IDEA\respository\respository_new\org\javassist\javassist\3.21.0-GA\javassist-3.21.0-GA.jar;D:\work_place\IDEA\respository\respository_new\org\springframework\boot\spring-boot-test\2.3.9.RELEASE\spring-boot-test-2.3.9.RELEASE.jar;D:\work_place\IDEA\respository\respository_new\org\springframework\boot\spring-boot\2.3.9.RELEASE\spring-boot-2.3.9.RELEASE.jar;D:\work_place\IDEA\respository\respository_new\org\springframework\boot\spring-boot-starter-actuator\2.3.9.RELEASE\spring-boot-starter-actuator-2.3.9.RELEASE.jar;D:\work_place\IDEA\respository\respository_new\org\springframework\boot\spring-boot-actuator-autoconfigure\2.3.9.RELEASE\spring-boot-actuator-autoconfigure-2.3.9.RELEASE.jar;D:\work_place\IDEA\respository\respository_new\org\springframework\boot\spring-boot-actuator\2.3.9.RELEASE\spring-boot-actuator-2.3.9.RELEASE.jar;D:\work_place\IDEA\respository\respository_new\io\micrometer\micrometer-core\1.5.11\micrometer-core-1.5.11.jar;D:\work_place\IDEA\respository\respository_new\org\hdrhistogram\HdrHistogram\2.1.12\HdrHistogram-2.1.12.jar;D:\work_place\IDEA\respository\respository_new\org\latencyutils\LatencyUtils\2.0.3\LatencyUtils-2.0.3.jar;D:\work_place\IDEA\respository\respository_new\org\springframework\boot\spring-boot-starter-data-redis\2.3.9.RELEASE\spring-boot-starter-data-redis-2.3.9.RELEASE.jar;D:\work_place\IDEA\respository\respository_new\org\springframework\data\spring-data-redis\2.3.7.RELEASE\spring-data-redis-2.3.7.RELEASE.jar;D:\work_place\IDEA\respository\respository_new\org\springframework\data\spring-data-keyvalue\2.3.7.RELEASE\spring-data-keyvalue-2.3.7.RELEASE.jar;D:\work_place\IDEA\respository\respository_new\org\springframework\data\spring-data-commons\2.3.7.RELEASE\spring-data-commons-2.3.7.RELEASE.jar;D:\work_place\IDEA\respository\respository_new\org\springframework\spring-oxm\5.2.13.RELEASE\spring-oxm-5.2.13.RELEASE.jar;D:\work_place\IDEA\respository\respository_new\io\lettuce\lettuce-core\5.3.6.RELEASE\lettuce-core-5.3.6.RELEASE.jar;D:\work_place\IDEA\respository\respository_new\io\netty\netty-common\4.1.59.Final\netty-common-4.1.59.Final.jar;D:\work_place\IDEA\respository\respository_new\io\netty\netty-handler\4.1.59.Final\netty-handler-4.1.59.Final.jar;D:\work_place\IDEA\respository\respository_new\io\netty\netty-resolver\4.1.59.Final\netty-resolver-4.1.59.Final.jar;D:\work_place\IDEA\respository\respository_new\io\netty\netty-buffer\4.1.59.Final\netty-buffer-4.1.59.Final.jar;D:\work_place\IDEA\respository\respository_new\io\netty\netty-codec\4.1.59.Final\netty-codec-4.1.59.Final.jar;D:\work_place\IDEA\respository\respository_new\io\netty\netty-transport\4.1.59.Final\netty-transport-4.1.59.Final.jar;D:\work_place\IDEA\respository\respository_new\io\projectreactor\reactor-core\3.3.14.RELEASE\reactor-core-3.3.14.RELEASE.jar;D:\work_place\IDEA\respository\respository_new\org\reactivestreams\reactive-streams\1.0.3\reactive-streams-1.0.3.jar;D:\work_place\IDEA\respository\respository_new\org\apache\commons\commons-pool2\2.8.1\commons-pool2-2.8.1.jar;D:\work_place\IDEA\respository\respository_new\org\springframework\boot\spring-boot-starter-cache\2.3.9.RELEASE\spring-boot-starter-cache-2.3.9.RELEASE.jar;D:\work_place\IDEA\respository\respository_new\org\springframework\spring-context-support\5.2.13.RELEASE\spring-context-support-5.2.13.RELEASE.jar;D:\work_place\IDEA\respository\respository_new\com\github\tobato\fastdfs-client\1.26.5\fastdfs-client-1.26.5.jar;D:\work_place\IDEA\respository\respository_new\org\slf4j\jcl-over-slf4j\1.7.30\jcl-over-slf4j-1.7.30.jar;D:\work_place\IDEA\respository\respository_new\ch\qos\logback\logback-classic\1.2.3\logback-classic-1.2.3.jar;D:\work_place\IDEA\respository\respository_new\ch\qos\logback\logback-core\1.2.3\logback-core-1.2.3.jar;D:\work_place\IDEA\respository\respository_new\commons-io\commons-io\2.6\commons-io-2.6.jar;D:\work_place\IDEA\respository\respository_new\org\hibernate\validator\hibernate-validator\6.1.7.Final\hibernate-validator-6.1.7.Final.jar;D:\work_place\IDEA\respository\respository_new\jakarta\validation\jakarta.validation-api\2.0.2\jakarta.validation-api-2.0.2.jar;D:\work_place\IDEA\respository\respository_new\org\jboss\logging\jboss-logging\3.4.1.Final\jboss-logging-3.4.1.Final.jar;D:\work_place\IDEA\respository\respository_new\org\springframework\spring-context\5.2.13.RELEASE\spring-context-5.2.13.RELEASE.jar;D:\work_place\IDEA\respository\respository_new\net\coobird\thumbnailator\0.4.8\thumbnailator-0.4.8.jar;D:\work_place\IDEA\respository\respository_new\org\springframework\kafka\spring-kafka\2.6.6\spring-kafka-2.6.6.jar;D:\work_place\IDEA\respository\respository_new\org\springframework\spring-messaging\5.2.13.RELEASE\spring-messaging-5.2.13.RELEASE.jar;D:\work_place\IDEA\respository\respository_new\org\springframework\spring-tx\5.2.13.RELEASE\spring-tx-5.2.13.RELEASE.jar;D:\work_place\IDEA\respository\respository_new\org\springframework\retry\spring-retry\1.2.5.RELEASE\spring-retry-1.2.5.RELEASE.jar;D:\work_place\IDEA\respository\respository_new\org\apache\kafka\kafka-clients\2.5.1\kafka-clients-2.5.1.jar;D:\work_place\IDEA\respository\respository_new\com\github\luben\zstd-jni\1.4.4-7\zstd-jni-1.4.4-7.jar;D:\work_place\IDEA\respository\respository_new\org\lz4\lz4-java\1.7.1\lz4-java-1.7.1.jar;D:\work_place\IDEA\respository\respository_new\org\xerial\snappy\snappy-java\1.1.7.3\snappy-java-1.1.7.3.jar;D:\work_place\IDEA\respository\respository_new\org\apache\kafka\kafka-streams\2.5.1\kafka-streams-2.5.1.jar;D:\work_place\IDEA\respository\respository_new\org\rocksdb\rocksdbjni\5.18.3\rocksdbjni-5.18.3.jar;D:\work_place\IDEA\respository\respository_new\com\aliyun\aliyun-java-sdk-core\4.1.1\aliyun-java-sdk-core-4.1.1.jar;D:\work_place\IDEA\respository\respository_new\com\google\code\gson\gson\2.8.6\gson-2.8.6.jar;D:\work_place\IDEA\respository\respository_new\org\apache\httpcomponents\httpclient\4.5.13\httpclient-4.5.13.jar;D:\work_place\IDEA\respository\respository_new\org\apache\httpcomponents\httpcore\4.4.14\httpcore-4.4.14.jar;D:\work_place\IDEA\respository\respository_new\javax\xml\bind\jaxb-api\2.3.1\jaxb-api-2.3.1.jar;D:\work_place\IDEA\respository\respository_new\javax\activation\javax.activation-api\1.2.0\javax.activation-api-1.2.0.jar;D:\work_place\IDEA\respository\respository_new\com\sun\xml\bind\jaxb-core\2.1.14\jaxb-core-2.1.14.jar;D:\work_place\IDEA\respository\respository_new\com\sun\xml\bind\jaxb-impl\2.1\jaxb-impl-2.1.jar;D:\work_place\IDEA\respository\respository_new\javax\activation\activation\1.1.1\activation-1.1.1.jar;D:\work_place\IDEA\respository\respository_new\com\aliyun\aliyun-java-sdk-green\3.4.1\aliyun-java-sdk-green-3.4.1.jar;D:\work_place\IDEA\respository\respository_new\com\aliyun\oss\aliyun-sdk-oss\2.8.3\aliyun-sdk-oss-2.8.3.jar;D:\work_place\IDEA\respository\respository_new\org\jdom\jdom\1.1\jdom-1.1.jar;D:\work_place\IDEA\respository\respository_new\org\apache\hbase\hbase-client\2.1.5\hbase-client-2.1.5.jar;D:\work_place\IDEA\respository\respository_new\org\apache\hbase\thirdparty\hbase-shaded-protobuf\2.1.0\hbase-shaded-protobuf-2.1.0.jar;D:\work_place\IDEA\respository\respository_new\org\apache\hbase\hbase-common\2.1.5\hbase-common-2.1.5.jar;D:\work_place\IDEA\respository\respository_new\com\github\stephenc\findbugs\findbugs-annotations\1.3.9-1\findbugs-annotations-1.3.9-1.jar;D:\work_place\IDEA\respository\respository_new\org\apache\hbase\hbase-hadoop-compat\2.1.5\hbase-hadoop-compat-2.1.5.jar;D:\work_place\IDEA\respository\respository_new\org\apache\hbase\hbase-metrics-api\2.1.5\hbase-metrics-api-2.1.5.jar;D:\work_place\IDEA\respository\respository_new\org\apache\hbase\hbase-hadoop2-compat\2.1.5\hbase-hadoop2-compat-2.1.5.jar;D:\work_place\IDEA\respository\respository_new\org\apache\hbase\hbase-metrics\2.1.5\hbase-metrics-2.1.5.jar;D:\work_place\IDEA\respository\respository_new\org\apache\hbase\hbase-protocol-shaded\2.1.5\hbase-protocol-shaded-2.1.5.jar;D:\work_place\IDEA\respository\respository_new\org\apache\hbase\hbase-protocol\2.1.5\hbase-protocol-2.1.5.jar;D:\work_place\IDEA\respository\respository_new\org\apache\hbase\thirdparty\hbase-shaded-miscellaneous\2.1.0\hbase-shaded-miscellaneous-2.1.0.jar;D:\work_place\IDEA\respository\respository_new\com\google\protobuf\protobuf-java\3.13.0\protobuf-java-3.13.0.jar;D:\work_place\IDEA\respository\respository_new\org\apache\hbase\thirdparty\hbase-shaded-netty\2.1.0\hbase-shaded-netty-2.1.0.jar;D:\work_place\IDEA\respository\respository_new\org\apache\zookeeper\zookeeper\3.4.10\zookeeper-3.4.10.jar;D:\work_place\IDEA\respository\respository_new\org\apache\htrace\htrace-core4\4.2.0-incubating\htrace-core4-4.2.0-incubating.jar;D:\work_place\IDEA\respository\respository_new\org\jruby\jcodings\jcodings\1.0.18\jcodings-1.0.18.jar;D:\work_place\IDEA\respository\respository_new\org\jruby\joni\joni\2.1.11\joni-2.1.11.jar;D:\work_place\IDEA\respository\respository_new\io\dropwizard\metrics\metrics-core\4.1.17\metrics-core-4.1.17.jar;D:\work_place\IDEA\respository\respository_new\org\apache\commons\commons-crypto\1.0.0\commons-crypto-1.0.0.jar;D:\work_place\IDEA\respository\respository_new\com\fasterxml\jackson\core\jackson-databind\2.11.4\jackson-databind-2.11.4.jar;D:\work_place\IDEA\respository\respository_new\org\apache\hadoop\hadoop-auth\2.7.7\hadoop-auth-2.7.7.jar;D:\work_place\IDEA\respository\respository_new\org\apache\directory\server\apacheds-kerberos-codec\2.0.0-M15\apacheds-kerberos-codec-2.0.0-M15.jar;D:\work_place\IDEA\respository\respository_new\org\apache\directory\server\apacheds-i18n\2.0.0-M15\apacheds-i18n-2.0.0-M15.jar;D:\work_place\IDEA\respository\respository_new\org\apache\directory\api\api-asn1-api\1.0.0-M20\api-asn1-api-1.0.0-M20.jar;D:\work_place\IDEA\respository\respository_new\org\apache\directory\api\api-util\1.0.0-M20\api-util-1.0.0-M20.jar;D:\work_place\IDEA\respository\respository_new\org\apache\curator\curator-framework\4.2.0\curator-framework-4.2.0.jar;D:\work_place\IDEA\respository\respository_new\org\apache\hadoop\hadoop-common\2.7.7\hadoop-common-2.7.7.jar;D:\work_place\IDEA\respository\respository_new\org\apache\hadoop\hadoop-annotations\2.7.7\hadoop-annotations-2.7.7.jar;D:\tool\jdk1.8.0_321\jre\..\lib\tools.jar;D:\work_place\IDEA\respository\respository_new\commons-cli\commons-cli\1.2\commons-cli-1.2.jar;D:\work_place\IDEA\respository\respository_new\org\apache\commons\commons-math3\3.1.1\commons-math3-3.1.1.jar;D:\work_place\IDEA\respository\respository_new\xmlenc\xmlenc\0.52\xmlenc-0.52.jar;D:\work_place\IDEA\respository\respository_new\commons-httpclient\commons-httpclient\3.1\commons-httpclient-3.1.jar;D:\work_place\IDEA\respository\respository_new\commons-net\commons-net\3.1\commons-net-3.1.jar;D:\work_place\IDEA\respository\respository_new\org\mortbay\jetty\jetty-sslengine\6.1.26\jetty-sslengine-6.1.26.jar;D:\work_place\IDEA\respository\respository_new\commons-lang\commons-lang\2.6\commons-lang-2.6.jar;D:\work_place\IDEA\respository\respository_new\commons-configuration\commons-configuration\1.6\commons-configuration-1.6.jar;D:\work_place\IDEA\respository\respository_new\commons-digester\commons-digester\1.8\commons-digester-1.8.jar;D:\work_place\IDEA\respository\respository_new\commons-beanutils\commons-beanutils-core\1.8.0\commons-beanutils-core-1.8.0.jar;D:\work_place\IDEA\respository\respository_new\org\codehaus\jackson\jackson-core-asl\1.9.13\jackson-core-asl-1.9.13.jar;D:\work_place\IDEA\respository\respository_new\org\codehaus\jackson\jackson-mapper-asl\1.9.13\jackson-mapper-asl-1.9.13.jar;D:\work_place\IDEA\respository\respository_new\org\apache\avro\avro\1.7.4\avro-1.7.4.jar;D:\work_place\IDEA\respository\respository_new\com\thoughtworks\paranamer\paranamer\2.3\paranamer-2.3.jar;D:\work_place\IDEA\respository\respository_new\com\jcraft\jsch\0.1.54\jsch-0.1.54.jar;D:\work_place\IDEA\respository\respository_new\org\apache\curator\curator-client\2.7.1\curator-client-2.7.1.jar;D:\work_place\IDEA\respository\respository_new\org\apache\curator\curator-recipes\4.2.0\curator-recipes-4.2.0.jar;D:\work_place\IDEA\respository\respository_new\org\apache\htrace\htrace-core\3.1.0-incubating\htrace-core-3.1.0-incubating.jar;D:\work_place\IDEA\respository\respository_new\org\apache\commons\commons-compress\1.4.1\commons-compress-1.4.1.jar;D:\work_place\IDEA\respository\respository_new\org\tukaani\xz\1.0\xz-1.0.jar;D:\work_place\IDEA\respository\respository_new\org\apache\yetus\audience-annotations\0.5.0\audience-annotations-0.5.0.jar;D:\work_place\IDEA\respository\respository_new\junit\junit\4.12\junit-4.12.jar;D:\work_place\IDEA\respository\respository_new\org\hamcrest\hamcrest-core\2.2\hamcrest-core-2.2.jar;D:\work_place\IDEA\respository\respository_new\org\jsoup\jsoup\1.10.2\jsoup-1.10.2.jar;D:\work_place\IDEA\respository\respository_new\joda-time\joda-time\2.10.5\joda-time-2.10.5.jar;D:\work_place\IDEA\respository\respository_new\com\github\xiaoymin\knife4j-spring-boot-starter\2.0.2\knife4j-spring-boot-starter-2.0.2.jar;D:\work_place\IDEA\respository\respository_new\com\github\xiaoymin\knife4j-spring-boot-autoconfigure\2.0.2\knife4j-spring-boot-autoconfigure-2.0.2.jar;D:\work_place\IDEA\respository\respository_new\com\github\xiaoymin\knife4j-spring\2.0.2\knife4j-spring-2.0.2.jar;D:\work_place\IDEA\respository\respository_new\com\github\xiaoymin\knife4j-annotations\2.0.2\knife4j-annotations-2.0.2.jar;D:\work_place\IDEA\respository\respository_new\com\github\xiaoymin\knife4j-core\2.0.2\knife4j-core-2.0.2.jar;D:\work_place\IDEA\respository\respository_new\io\springfox\springfox-bean-validators\2.9.2\springfox-bean-validators-2.9.2.jar;D:\work_place\IDEA\respository\respository_new\com\github\xiaoymin\knife4j-spring-ui\2.0.2\knife4j-spring-ui-2.0.2.jar;D:\work_place\IDEA\respository\respository_new\com\heima\heima-leadnews-feign-api\1.0-SNAPSHOT\heima-leadnews-feign-api-1.0-SNAPSHOT.jar;D:\work_place\IDEA\respository\respository_new\org\springframework\cloud\spring-cloud-starter-openfeign\2.2.7.RELEASE\spring-cloud-starter-openfeign-2.2.7.RELEASE.jar;D:\work_place\IDEA\respository\respository_new\org\springframework\cloud\spring-cloud-starter\2.2.7.RELEASE\spring-cloud-starter-2.2.7.RELEASE.jar;D:\work_place\IDEA\respository\respository_new\org\springframework\security\spring-security-rsa\1.0.9.RELEASE\spring-security-rsa-1.0.9.RELEASE.jar;D:\work_place\IDEA\respository\respository_new\org\bouncycastle\bcpkix-jdk15on\1.64\bcpkix-jdk15on-1.64.jar;D:\work_place\IDEA\respository\respository_new\org\bouncycastle\bcprov-jdk15on\1.64\bcprov-jdk15on-1.64.jar;D:\work_place\IDEA\respository\respository_new\org\springframework\cloud\spring-cloud-openfeign-core\2.2.7.RELEASE\spring-cloud-openfeign-core-2.2.7.RELEASE.jar;D:\work_place\IDEA\respository\respository_new\org\springframework\boot\spring-boot-starter-aop\2.3.9.RELEASE\spring-boot-starter-aop-2.3.9.RELEASE.jar;D:\work_place\IDEA\respository\respository_new\org\aspectj\aspectjweaver\1.9.6\aspectjweaver-1.9.6.jar;D:\work_place\IDEA\respository\respository_new\io\github\openfeign\form\feign-form-spring\3.8.0\feign-form-spring-3.8.0.jar;D:\work_place\IDEA\respository\respository_new\io\github\openfeign\form\feign-form\3.8.0\feign-form-3.8.0.jar;D:\work_place\IDEA\respository\respository_new\commons-fileupload\commons-fileupload\1.4\commons-fileupload-1.4.jar;D:\work_place\IDEA\respository\respository_new\io\github\openfeign\feign-core\10.10.1\feign-core-10.10.1.jar;D:\work_place\IDEA\respository\respository_new\io\github\openfeign\feign-slf4j\10.10.1\feign-slf4j-10.10.1.jar;D:\work_place\IDEA\respository\respository_new\io\github\openfeign\feign-hystrix\10.10.1\feign-hystrix-10.10.1.jar;D:\work_place\IDEA\respository\respository_new\com\netflix\archaius\archaius-core\0.7.7\archaius-core-0.7.7.jar;D:\work_place\IDEA\respository\respository_new\com\netflix\hystrix\hystrix-core\1.5.18\hystrix-core-1.5.18.jar;D:\work_place\IDEA\respository\respository_new\org\springframework\boot\spring-boot-starter-web\2.3.9.RELEASE\spring-boot-starter-web-2.3.9.RELEASE.jar;D:\work_place\IDEA\respository\respository_new\org\springframework\boot\spring-boot-starter\2.3.9.RELEASE\spring-boot-starter-2.3.9.RELEASE.jar;D:\work_place\IDEA\respository\respository_new\jakarta\annotation\jakarta.annotation-api\1.3.5\jakarta.annotation-api-1.3.5.jar;D:\work_place\IDEA\respository\respository_new\org\yaml\snakeyaml\1.26\snakeyaml-1.26.jar;D:\work_place\IDEA\respository\respository_new\org\springframework\boot\spring-boot-starter-json\2.3.9.RELEASE\spring-boot-starter-json-2.3.9.RELEASE.jar;D:\work_place\IDEA\respository\respository_new\com\fasterxml\jackson\datatype\jackson-datatype-jdk8\2.11.4\jackson-datatype-jdk8-2.11.4.jar;D:\work_place\IDEA\respository\respository_new\com\fasterxml\jackson\datatype\jackson-datatype-jsr310\2.11.4\jackson-datatype-jsr310-2.11.4.jar;D:\work_place\IDEA\respository\respository_new\com\fasterxml\jackson\module\jackson-module-parameter-names\2.11.4\jackson-module-parameter-names-2.11.4.jar;D:\work_place\IDEA\respository\respository_new\org\springframework\boot\spring-boot-starter-tomcat\2.3.9.RELEASE\spring-boot-starter-tomcat-2.3.9.RELEASE.jar;D:\work_place\IDEA\respository\respository_new\org\apache\tomcat\embed\tomcat-embed-core\9.0.43\tomcat-embed-core-9.0.43.jar;D:\work_place\IDEA\respository\respository_new\org\glassfish\jakarta.el\3.0.3\jakarta.el-3.0.3.jar;D:\work_place\IDEA\respository\respository_new\org\apache\tomcat\embed\tomcat-embed-websocket\9.0.43\tomcat-embed-websocket-9.0.43.jar;D:\work_place\IDEA\respository\respository_new\org\springframework\spring-web\5.2.13.RELEASE\spring-web-5.2.13.RELEASE.jar;D:\work_place\IDEA\respository\respository_new\org\springframework\spring-beans\5.2.13.RELEASE\spring-beans-5.2.13.RELEASE.jar;D:\work_place\IDEA\respository\respository_new\org\springframework\spring-webmvc\5.2.13.RELEASE\spring-webmvc-5.2.13.RELEASE.jar;D:\work_place\IDEA\respository\respository_new\org\springframework\spring-aop\5.2.13.RELEASE\spring-aop-5.2.13.RELEASE.jar;D:\work_place\IDEA\respository\respository_new\org\springframework\spring-expression\5.2.13.RELEASE\spring-expression-5.2.13.RELEASE.jar;D:\work_place\IDEA\respository\respository_new\org\springframework\boot\spring-boot-starter-test\2.3.9.RELEASE\spring-boot-starter-test-2.3.9.RELEASE.jar;D:\work_place\IDEA\respository\respository_new\org\springframework\boot\spring-boot-test-autoconfigure\2.3.9.RELEASE\spring-boot-test-autoconfigure-2.3.9.RELEASE.jar;D:\work_place\IDEA\respository\respository_new\com\jayway\jsonpath\json-path\2.4.0\json-path-2.4.0.jar;D:\work_place\IDEA\respository\respository_new\net\minidev\json-smart\2.3\json-smart-2.3.jar;D:\work_place\IDEA\respository\respository_new\net\minidev\accessors-smart\1.2\accessors-smart-1.2.jar;D:\work_place\IDEA\respository\respository_new\org\ow2\asm\asm\5.0.4\asm-5.0.4.jar;D:\work_place\IDEA\respository\respository_new\jakarta\xml\bind\jakarta.xml.bind-api\2.3.3\jakarta.xml.bind-api-2.3.3.jar;D:\work_place\IDEA\respository\respository_new\jakarta\activation\jakarta.activation-api\1.2.2\jakarta.activation-api-1.2.2.jar;D:\work_place\IDEA\respository\respository_new\org\assertj\assertj-core\3.16.1\assertj-core-3.16.1.jar;D:\work_place\IDEA\respository\respository_new\org\hamcrest\hamcrest\2.2\hamcrest-2.2.jar;D:\work_place\IDEA\respository\respository_new\org\junit\jupiter\junit-jupiter\5.6.3\junit-jupiter-5.6.3.jar;D:\work_place\IDEA\respository\respository_new\org\junit\jupiter\junit-jupiter-api\5.6.3\junit-jupiter-api-5.6.3.jar;D:\work_place\IDEA\respository\respository_new\org\opentest4j\opentest4j\1.2.0\opentest4j-1.2.0.jar;D:\work_place\IDEA\respository\respository_new\org\junit\platform\junit-platform-commons\1.6.3\junit-platform-commons-1.6.3.jar;D:\work_place\IDEA\respository\respository_new\org\junit\jupiter\junit-jupiter-params\5.6.3\junit-jupiter-params-5.6.3.jar;D:\work_place\IDEA\respository\respository_new\org\junit\jupiter\junit-jupiter-engine\5.6.3\junit-jupiter-engine-5.6.3.jar;D:\work_place\IDEA\respository\respository_new\org\junit\vintage\junit-vintage-engine\5.6.3\junit-vintage-engine-5.6.3.jar;D:\work_place\IDEA\respository\respository_new\org\apiguardian\apiguardian-api\1.1.0\apiguardian-api-1.1.0.jar;D:\work_place\IDEA\respository\respository_new\org\junit\platform\junit-platform-engine\1.6.3\junit-platform-engine-1.6.3.jar;D:\work_place\IDEA\respository\respository_new\org\mockito\mockito-core\3.3.3\mockito-core-3.3.3.jar;D:\work_place\IDEA\respository\respository_new\net\bytebuddy\byte-buddy\1.10.20\byte-buddy-1.10.20.jar;D:\work_place\IDEA\respository\respository_new\net\bytebuddy\byte-buddy-agent\1.10.20\byte-buddy-agent-1.10.20.jar;D:\work_place\IDEA\respository\respository_new\org\objenesis\objenesis\2.6\objenesis-2.6.jar;D:\work_place\IDEA\respository\respository_new\org\mockito\mockito-junit-jupiter\3.3.3\mockito-junit-jupiter-3.3.3.jar;D:\work_place\IDEA\respository\respository_new\org\skyscreamer\jsonassert\1.5.0\jsonassert-1.5.0.jar;D:\work_place\IDEA\respository\respository_new\com\vaadin\external\google\android-json\0.0.20131108.vaadin1\android-json-0.0.20131108.vaadin1.jar;D:\work_place\IDEA\respository\respository_new\org\springframework\spring-core\5.2.13.RELEASE\spring-core-5.2.13.RELEASE.jar;D:\work_place\IDEA\respository\respository_new\org\springframework\spring-jcl\5.2.13.RELEASE\spring-jcl-5.2.13.RELEASE.jar;D:\work_place\IDEA\respository\respository_new\org\springframework\spring-test\5.2.13.RELEASE\spring-test-5.2.13.RELEASE.jar;D:\work_place\IDEA\respository\respository_new\org\xmlunit\xmlunit-core\2.7.0\xmlunit-core-2.7.0.jar;D:\work_place\IDEA\respository\respository_new\com\alibaba\cloud\spring-cloud-starter-alibaba-nacos-discovery\2.2.5.RELEASE\spring-cloud-starter-alibaba-nacos-discovery-2.2.5.RELEASE.jar;D:\work_place\IDEA\respository\respository_new\com\alibaba\cloud\spring-cloud-alibaba-commons\2.2.5.RELEASE\spring-cloud-alibaba-commons-2.2.5.RELEASE.jar;D:\work_place\IDEA\respository\respository_new\com\alibaba\nacos\nacos-client\1.4.1\nacos-client-1.4.1.jar;D:\work_place\IDEA\respository\respository_new\com\alibaba\nacos\nacos-common\1.4.1\nacos-common-1.4.1.jar;D:\work_place\IDEA\respository\respository_new\org\apache\httpcomponents\httpasyncclient\4.1.4\httpasyncclient-4.1.4.jar;D:\work_place\IDEA\respository\respository_new\org\apache\httpcomponents\httpcore-nio\4.4.14\httpcore-nio-4.4.14.jar;D:\work_place\IDEA\respository\respository_new\com\alibaba\nacos\nacos-api\1.4.1\nacos-api-1.4.1.jar;D:\work_place\IDEA\respository\respository_new\com\fasterxml\jackson\core\jackson-core\2.11.4\jackson-core-2.11.4.jar;D:\work_place\IDEA\respository\respository_new\io\prometheus\simpleclient\0.5.0\simpleclient-0.5.0.jar;D:\work_place\IDEA\respository\respository_new\com\alibaba\spring\spring-context-support\1.0.10\spring-context-support-1.0.10.jar;D:\work_place\IDEA\respository\respository_new\org\springframework\cloud\spring-cloud-commons\2.2.7.RELEASE\spring-cloud-commons-2.2.7.RELEASE.jar;D:\work_place\IDEA\respository\respository_new\org\springframework\security\spring-security-crypto\5.3.8.RELEASE\spring-security-crypto-5.3.8.RELEASE.jar;D:\work_place\IDEA\respository\respository_new\org\springframework\cloud\spring-cloud-context\2.2.7.RELEASE\spring-cloud-context-2.2.7.RELEASE.jar;D:\work_place\IDEA\respository\respository_new\org\springframework\cloud\spring-cloud-starter-netflix-ribbon\2.2.7.RELEASE\spring-cloud-starter-netflix-ribbon-2.2.7.RELEASE.jar;D:\work_place\IDEA\respository\respository_new\org\springframework\cloud\spring-cloud-netflix-ribbon\2.2.7.RELEASE\spring-cloud-netflix-ribbon-2.2.7.RELEASE.jar;D:\work_place\IDEA\respository\respository_new\org\springframework\cloud\spring-cloud-netflix-archaius\2.2.7.RELEASE\spring-cloud-netflix-archaius-2.2.7.RELEASE.jar;D:\work_place\IDEA\respository\respository_new\org\springframework\cloud\spring-cloud-starter-netflix-archaius\2.2.7.RELEASE\spring-cloud-starter-netflix-archaius-2.2.7.RELEASE.jar;D:\work_place\IDEA\respository\respository_new\com\netflix\ribbon\ribbon\2.3.0\ribbon-2.3.0.jar;D:\work_place\IDEA\respository\respository_new\com\netflix\ribbon\ribbon-transport\2.3.0\ribbon-transport-2.3.0.jar;D:\work_place\IDEA\respository\respository_new\io\reactivex\rxnetty-contexts\0.4.9\rxnetty-contexts-0.4.9.jar;D:\work_place\IDEA\respository\respository_new\io\reactivex\rxnetty-servo\0.4.9\rxnetty-servo-0.4.9.jar;D:\work_place\IDEA\respository\respository_new\javax\inject\javax.inject\1\javax.inject-1.jar;D:\work_place\IDEA\respository\respository_new\io\reactivex\rxnetty\0.4.9\rxnetty-0.4.9.jar;D:\work_place\IDEA\respository\respository_new\com\netflix\ribbon\ribbon-core\2.3.0\ribbon-core-2.3.0.jar;D:\work_place\IDEA\respository\respository_new\com\netflix\ribbon\ribbon-httpclient\2.3.0\ribbon-httpclient-2.3.0.jar;D:\work_place\IDEA\respository\respository_new\com\sun\jersey\jersey-client\1.19.1\jersey-client-1.19.1.jar;D:\work_place\IDEA\respository\respository_new\com\sun\jersey\jersey-core\1.19.1\jersey-core-1.19.1.jar;D:\work_place\IDEA\respository\respository_new\javax\ws\rs\jsr311-api\1.1.1\jsr311-api-1.1.1.jar;D:\work_place\IDEA\respository\respository_new\com\sun\jersey\contribs\jersey-apache-client4\1.19.1\jersey-apache-client4-1.19.1.jar;D:\work_place\IDEA\respository\respository_new\com\netflix\servo\servo-core\0.12.21\servo-core-0.12.21.jar;D:\work_place\IDEA\respository\respository_new\com\netflix\netflix-commons\netflix-commons-util\0.3.0\netflix-commons-util-0.3.0.jar;D:\work_place\IDEA\respository\respository_new\com\netflix\ribbon\ribbon-loadbalancer\2.3.0\ribbon-loadbalancer-2.3.0.jar;D:\work_place\IDEA\respository\respository_new\com\netflix\netflix-commons\netflix-statistics\0.1.1\netflix-statistics-0.1.1.jar;D:\work_place\IDEA\respository\respository_new\io\reactivex\rxjava\1.3.8\rxjava-1.3.8.jar;D:\work_place\IDEA\respository\respository_new\com\alibaba\cloud\spring-cloud-starter-alibaba-nacos-config\2.2.5.RELEASE\spring-cloud-starter-alibaba-nacos-config-2.2.5.RELEASE.jar;D:\work_place\IDEA\respository\respository_new\org\springframework\boot\spring-boot-starter-log4j2\2.3.9.RELEASE\spring-boot-starter-log4j2-2.3.9.RELEASE.jar;D:\work_place\IDEA\respository\respository_new\org\apache\logging\log4j\log4j-slf4j-impl\2.13.3\log4j-slf4j-impl-2.13.3.jar;D:\work_place\IDEA\respository\respository_new\org\apache\logging\log4j\log4j-api\2.13.3\log4j-api-2.13.3.jar;D:\work_place\IDEA\respository\respository_new\org\apache\logging\log4j\log4j-core\2.13.3\log4j-core-2.13.3.jar;D:\work_place\IDEA\respository\respository_new\org\apache\logging\log4j\log4j-jul\2.13.3\log4j-jul-2.13.3.jar;D:\work_place\IDEA\respository\respository_new\org\slf4j\jul-to-slf4j\1.7.30\jul-to-slf4j-1.7.30.jar;D:\work_place\IDEA\respository\respository_new\org\projectlombok\lombok\1.18.8\lombok-1.18.8.jar;"/>
    <property name="java.vm.vendor" value="Oracle Corporation"/>
    <property name="sun.arch.data.model" value="64"/>
    <property name="user.variant" value=""/>
    <property name="java.vendor.url" value="http://java.oracle.com/"/>
    <property name="user.timezone" value="Asia/Shanghai"/>
    <property name="java.vm.specification.version" value="1.8"/>
    <property name="os.name" value="Windows 11"/>
    <property name="user.country" value="CN"/>
    <property name="sun.java.launcher" value="SUN_STANDARD"/>
    <property name="sun.boot.library.path" value="D:\tool\jdk1.8.0_321\jre\bin"/>
    <property name="sun.java.command" value="C:\Users\16090\AppData\Local\Temp\surefire2069603693589564699\surefirebooter4998044359290281984.jar C:\Users\16090\AppData\Local\Temp\surefire2069603693589564699 2023-08-09T11-14-42_737-jvmRun1 surefire8930041052560426969tmp surefire_0257651938349111987tmp"/>
    <property name="surefire.test.class.path" value="D:\work_place\IDEA\leadnews\heima-leadnews-service\heima-leadnews-schedule\target\test-classes;D:\work_place\IDEA\leadnews\heima-leadnews-service\heima-leadnews-schedule\target\classes;D:\work_place\IDEA\respository\respository_new\com\heima\heima-leadnews-model\1.0-SNAPSHOT\heima-leadnews-model-1.0-SNAPSHOT.jar;D:\work_place\IDEA\respository\respository_new\mysql\mysql-connector-java\5.1.46\mysql-connector-java-5.1.46.jar;D:\work_place\IDEA\respository\respository_new\org\mybatis\mybatis\3.5.1\mybatis-3.5.1.jar;D:\work_place\IDEA\respository\respository_new\org\apache\commons\commons-lang3\3.5\commons-lang3-3.5.jar;D:\work_place\IDEA\respository\respository_new\com\baomidou\mybatis-plus-boot-starter\3.4.1\mybatis-plus-boot-starter-3.4.1.jar;D:\work_place\IDEA\respository\respository_new\com\baomidou\mybatis-plus\3.4.1\mybatis-plus-3.4.1.jar;D:\work_place\IDEA\respository\respository_new\com\baomidou\mybatis-plus-extension\3.4.1\mybatis-plus-extension-3.4.1.jar;D:\work_place\IDEA\respository\respository_new\com\baomidou\mybatis-plus-core\3.4.1\mybatis-plus-core-3.4.1.jar;D:\work_place\IDEA\respository\respository_new\com\baomidou\mybatis-plus-annotation\3.4.1\mybatis-plus-annotation-3.4.1.jar;D:\work_place\IDEA\respository\respository_new\com\github\jsqlparser\jsqlparser\3.2\jsqlparser-3.2.jar;D:\work_place\IDEA\respository\respository_new\org\mybatis\mybatis-spring\2.0.1\mybatis-spring-2.0.1.jar;D:\work_place\IDEA\respository\respository_new\org\springframework\boot\spring-boot-autoconfigure\2.3.9.RELEASE\spring-boot-autoconfigure-2.3.9.RELEASE.jar;D:\work_place\IDEA\respository\respository_new\org\springframework\boot\spring-boot-starter-jdbc\2.3.9.RELEASE\spring-boot-starter-jdbc-2.3.9.RELEASE.jar;D:\work_place\IDEA\respository\respository_new\com\zaxxer\HikariCP\3.4.5\HikariCP-3.4.5.jar;D:\work_place\IDEA\respository\respository_new\org\springframework\spring-jdbc\5.2.13.RELEASE\spring-jdbc-5.2.13.RELEASE.jar;D:\work_place\IDEA\respository\respository_new\com\alibaba\fastjson\1.2.58\fastjson-1.2.58.jar;D:\work_place\IDEA\respository\respository_new\io\springfox\springfox-swagger2\2.9.2\springfox-swagger2-2.9.2.jar;D:\work_place\IDEA\respository\respository_new\io\swagger\swagger-annotations\1.5.20\swagger-annotations-1.5.20.jar;D:\work_place\IDEA\respository\respository_new\io\swagger\swagger-models\1.5.20\swagger-models-1.5.20.jar;D:\work_place\IDEA\respository\respository_new\com\fasterxml\jackson\core\jackson-annotations\2.11.4\jackson-annotations-2.11.4.jar;D:\work_place\IDEA\respository\respository_new\io\springfox\springfox-spi\2.9.2\springfox-spi-2.9.2.jar;D:\work_place\IDEA\respository\respository_new\io\springfox\springfox-core\2.9.2\springfox-core-2.9.2.jar;D:\work_place\IDEA\respository\respository_new\io\springfox\springfox-schema\2.9.2\springfox-schema-2.9.2.jar;D:\work_place\IDEA\respository\respository_new\io\springfox\springfox-swagger-common\2.9.2\springfox-swagger-common-2.9.2.jar;D:\work_place\IDEA\respository\respository_new\io\springfox\springfox-spring-web\2.9.2\springfox-spring-web-2.9.2.jar;D:\work_place\IDEA\respository\respository_new\com\google\guava\guava\29.0-jre\guava-29.0-jre.jar;D:\work_place\IDEA\respository\respository_new\com\google\guava\failureaccess\1.0.1\failureaccess-1.0.1.jar;D:\work_place\IDEA\respository\respository_new\com\google\guava\listenablefuture\9999.0-empty-to-avoid-conflict-with-guava\listenablefuture-9999.0-empty-to-avoid-conflict-with-guava.jar;D:\work_place\IDEA\respository\respository_new\com\google\code\findbugs\jsr305\3.0.2\jsr305-3.0.2.jar;D:\work_place\IDEA\respository\respository_new\org\checkerframework\checker-qual\2.11.1\checker-qual-2.11.1.jar;D:\work_place\IDEA\respository\respository_new\com\google\errorprone\error_prone_annotations\2.3.4\error_prone_annotations-2.3.4.jar;D:\work_place\IDEA\respository\respository_new\com\google\j2objc\j2objc-annotations\1.3\j2objc-annotations-1.3.jar;D:\work_place\IDEA\respository\respository_new\com\fasterxml\classmate\1.5.1\classmate-1.5.1.jar;D:\work_place\IDEA\respository\respository_new\org\slf4j\slf4j-api\1.7.30\slf4j-api-1.7.30.jar;D:\work_place\IDEA\respository\respository_new\org\springframework\plugin\spring-plugin-core\1.2.0.RELEASE\spring-plugin-core-1.2.0.RELEASE.jar;D:\work_place\IDEA\respository\respository_new\org\springframework\plugin\spring-plugin-metadata\1.2.0.RELEASE\spring-plugin-metadata-1.2.0.RELEASE.jar;D:\work_place\IDEA\respository\respository_new\org\mapstruct\mapstruct\1.2.0.Final\mapstruct-1.2.0.Final.jar;D:\work_place\IDEA\respository\respository_new\io\springfox\springfox-swagger-ui\2.9.2\springfox-swagger-ui-2.9.2.jar;D:\work_place\IDEA\respository\respository_new\com\heima\heima-leadnews-common\1.0-SNAPSHOT\heima-leadnews-common-1.0-SNAPSHOT.jar;D:\work_place\IDEA\respository\respository_new\com\heima\heima-leadnews-utils\1.0-SNAPSHOT\heima-leadnews-utils-1.0-SNAPSHOT.jar;D:\work_place\IDEA\respository\respository_new\commons-codec\commons-codec\1.12\commons-codec-1.12.jar;D:\work_place\IDEA\respository\respository_new\io\jsonwebtoken\jjwt\0.9.1\jjwt-0.9.1.jar;D:\work_place\IDEA\respository\respository_new\com\hankcs\hanlp\portable-1.3.4\hanlp-portable-1.3.4.jar;D:\work_place\IDEA\respository\respository_new\commons-beanutils\commons-beanutils\1.9.3\commons-beanutils-1.9.3.jar;D:\work_place\IDEA\respository\respository_new\commons-logging\commons-logging\1.2\commons-logging-1.2.jar;D:\work_place\IDEA\respository\respository_new\commons-collections\commons-collections\3.2.2\commons-collections-3.2.2.jar;D:\work_place\IDEA\respository\respository_new\io\protostuff\protostuff-core\1.6.0\protostuff-core-1.6.0.jar;D:\work_place\IDEA\respository\respository_new\io\protostuff\protostuff-api\1.6.0\protostuff-api-1.6.0.jar;D:\work_place\IDEA\respository\respository_new\io\protostuff\protostuff-runtime\1.6.0\protostuff-runtime-1.6.0.jar;D:\work_place\IDEA\respository\respository_new\io\protostuff\protostuff-collectionschema\1.6.0\protostuff-collectionschema-1.6.0.jar;D:\work_place\IDEA\respository\respository_new\org\reflections\reflections\0.9.11\reflections-0.9.11.jar;D:\work_place\IDEA\respository\respository_new\org\javassist\javassist\3.21.0-GA\javassist-3.21.0-GA.jar;D:\work_place\IDEA\respository\respository_new\org\springframework\boot\spring-boot-test\2.3.9.RELEASE\spring-boot-test-2.3.9.RELEASE.jar;D:\work_place\IDEA\respository\respository_new\org\springframework\boot\spring-boot\2.3.9.RELEASE\spring-boot-2.3.9.RELEASE.jar;D:\work_place\IDEA\respository\respository_new\org\springframework\boot\spring-boot-starter-actuator\2.3.9.RELEASE\spring-boot-starter-actuator-2.3.9.RELEASE.jar;D:\work_place\IDEA\respository\respository_new\org\springframework\boot\spring-boot-actuator-autoconfigure\2.3.9.RELEASE\spring-boot-actuator-autoconfigure-2.3.9.RELEASE.jar;D:\work_place\IDEA\respository\respository_new\org\springframework\boot\spring-boot-actuator\2.3.9.RELEASE\spring-boot-actuator-2.3.9.RELEASE.jar;D:\work_place\IDEA\respository\respository_new\io\micrometer\micrometer-core\1.5.11\micrometer-core-1.5.11.jar;D:\work_place\IDEA\respository\respository_new\org\hdrhistogram\HdrHistogram\2.1.12\HdrHistogram-2.1.12.jar;D:\work_place\IDEA\respository\respository_new\org\latencyutils\LatencyUtils\2.0.3\LatencyUtils-2.0.3.jar;D:\work_place\IDEA\respository\respository_new\org\springframework\boot\spring-boot-starter-data-redis\2.3.9.RELEASE\spring-boot-starter-data-redis-2.3.9.RELEASE.jar;D:\work_place\IDEA\respository\respository_new\org\springframework\data\spring-data-redis\2.3.7.RELEASE\spring-data-redis-2.3.7.RELEASE.jar;D:\work_place\IDEA\respository\respository_new\org\springframework\data\spring-data-keyvalue\2.3.7.RELEASE\spring-data-keyvalue-2.3.7.RELEASE.jar;D:\work_place\IDEA\respository\respository_new\org\springframework\data\spring-data-commons\2.3.7.RELEASE\spring-data-commons-2.3.7.RELEASE.jar;D:\work_place\IDEA\respository\respository_new\org\springframework\spring-oxm\5.2.13.RELEASE\spring-oxm-5.2.13.RELEASE.jar;D:\work_place\IDEA\respository\respository_new\io\lettuce\lettuce-core\5.3.6.RELEASE\lettuce-core-5.3.6.RELEASE.jar;D:\work_place\IDEA\respository\respository_new\io\netty\netty-common\4.1.59.Final\netty-common-4.1.59.Final.jar;D:\work_place\IDEA\respository\respository_new\io\netty\netty-handler\4.1.59.Final\netty-handler-4.1.59.Final.jar;D:\work_place\IDEA\respository\respository_new\io\netty\netty-resolver\4.1.59.Final\netty-resolver-4.1.59.Final.jar;D:\work_place\IDEA\respository\respository_new\io\netty\netty-buffer\4.1.59.Final\netty-buffer-4.1.59.Final.jar;D:\work_place\IDEA\respository\respository_new\io\netty\netty-codec\4.1.59.Final\netty-codec-4.1.59.Final.jar;D:\work_place\IDEA\respository\respository_new\io\netty\netty-transport\4.1.59.Final\netty-transport-4.1.59.Final.jar;D:\work_place\IDEA\respository\respository_new\io\projectreactor\reactor-core\3.3.14.RELEASE\reactor-core-3.3.14.RELEASE.jar;D:\work_place\IDEA\respository\respository_new\org\reactivestreams\reactive-streams\1.0.3\reactive-streams-1.0.3.jar;D:\work_place\IDEA\respository\respository_new\org\apache\commons\commons-pool2\2.8.1\commons-pool2-2.8.1.jar;D:\work_place\IDEA\respository\respository_new\org\springframework\boot\spring-boot-starter-cache\2.3.9.RELEASE\spring-boot-starter-cache-2.3.9.RELEASE.jar;D:\work_place\IDEA\respository\respository_new\org\springframework\spring-context-support\5.2.13.RELEASE\spring-context-support-5.2.13.RELEASE.jar;D:\work_place\IDEA\respository\respository_new\com\github\tobato\fastdfs-client\1.26.5\fastdfs-client-1.26.5.jar;D:\work_place\IDEA\respository\respository_new\org\slf4j\jcl-over-slf4j\1.7.30\jcl-over-slf4j-1.7.30.jar;D:\work_place\IDEA\respository\respository_new\ch\qos\logback\logback-classic\1.2.3\logback-classic-1.2.3.jar;D:\work_place\IDEA\respository\respository_new\ch\qos\logback\logback-core\1.2.3\logback-core-1.2.3.jar;D:\work_place\IDEA\respository\respository_new\commons-io\commons-io\2.6\commons-io-2.6.jar;D:\work_place\IDEA\respository\respository_new\org\hibernate\validator\hibernate-validator\6.1.7.Final\hibernate-validator-6.1.7.Final.jar;D:\work_place\IDEA\respository\respository_new\jakarta\validation\jakarta.validation-api\2.0.2\jakarta.validation-api-2.0.2.jar;D:\work_place\IDEA\respository\respository_new\org\jboss\logging\jboss-logging\3.4.1.Final\jboss-logging-3.4.1.Final.jar;D:\work_place\IDEA\respository\respository_new\org\springframework\spring-context\5.2.13.RELEASE\spring-context-5.2.13.RELEASE.jar;D:\work_place\IDEA\respository\respository_new\net\coobird\thumbnailator\0.4.8\thumbnailator-0.4.8.jar;D:\work_place\IDEA\respository\respository_new\org\springframework\kafka\spring-kafka\2.6.6\spring-kafka-2.6.6.jar;D:\work_place\IDEA\respository\respository_new\org\springframework\spring-messaging\5.2.13.RELEASE\spring-messaging-5.2.13.RELEASE.jar;D:\work_place\IDEA\respository\respository_new\org\springframework\spring-tx\5.2.13.RELEASE\spring-tx-5.2.13.RELEASE.jar;D:\work_place\IDEA\respository\respository_new\org\springframework\retry\spring-retry\1.2.5.RELEASE\spring-retry-1.2.5.RELEASE.jar;D:\work_place\IDEA\respository\respository_new\org\apache\kafka\kafka-clients\2.5.1\kafka-clients-2.5.1.jar;D:\work_place\IDEA\respository\respository_new\com\github\luben\zstd-jni\1.4.4-7\zstd-jni-1.4.4-7.jar;D:\work_place\IDEA\respository\respository_new\org\lz4\lz4-java\1.7.1\lz4-java-1.7.1.jar;D:\work_place\IDEA\respository\respository_new\org\xerial\snappy\snappy-java\1.1.7.3\snappy-java-1.1.7.3.jar;D:\work_place\IDEA\respository\respository_new\org\apache\kafka\kafka-streams\2.5.1\kafka-streams-2.5.1.jar;D:\work_place\IDEA\respository\respository_new\org\rocksdb\rocksdbjni\5.18.3\rocksdbjni-5.18.3.jar;D:\work_place\IDEA\respository\respository_new\com\aliyun\aliyun-java-sdk-core\4.1.1\aliyun-java-sdk-core-4.1.1.jar;D:\work_place\IDEA\respository\respository_new\com\google\code\gson\gson\2.8.6\gson-2.8.6.jar;D:\work_place\IDEA\respository\respository_new\org\apache\httpcomponents\httpclient\4.5.13\httpclient-4.5.13.jar;D:\work_place\IDEA\respository\respository_new\org\apache\httpcomponents\httpcore\4.4.14\httpcore-4.4.14.jar;D:\work_place\IDEA\respository\respository_new\javax\xml\bind\jaxb-api\2.3.1\jaxb-api-2.3.1.jar;D:\work_place\IDEA\respository\respository_new\javax\activation\javax.activation-api\1.2.0\javax.activation-api-1.2.0.jar;D:\work_place\IDEA\respository\respository_new\com\sun\xml\bind\jaxb-core\2.1.14\jaxb-core-2.1.14.jar;D:\work_place\IDEA\respository\respository_new\com\sun\xml\bind\jaxb-impl\2.1\jaxb-impl-2.1.jar;D:\work_place\IDEA\respository\respository_new\javax\activation\activation\1.1.1\activation-1.1.1.jar;D:\work_place\IDEA\respository\respository_new\com\aliyun\aliyun-java-sdk-green\3.4.1\aliyun-java-sdk-green-3.4.1.jar;D:\work_place\IDEA\respository\respository_new\com\aliyun\oss\aliyun-sdk-oss\2.8.3\aliyun-sdk-oss-2.8.3.jar;D:\work_place\IDEA\respository\respository_new\org\jdom\jdom\1.1\jdom-1.1.jar;D:\work_place\IDEA\respository\respository_new\org\apache\hbase\hbase-client\2.1.5\hbase-client-2.1.5.jar;D:\work_place\IDEA\respository\respository_new\org\apache\hbase\thirdparty\hbase-shaded-protobuf\2.1.0\hbase-shaded-protobuf-2.1.0.jar;D:\work_place\IDEA\respository\respository_new\org\apache\hbase\hbase-common\2.1.5\hbase-common-2.1.5.jar;D:\work_place\IDEA\respository\respository_new\com\github\stephenc\findbugs\findbugs-annotations\1.3.9-1\findbugs-annotations-1.3.9-1.jar;D:\work_place\IDEA\respository\respository_new\org\apache\hbase\hbase-hadoop-compat\2.1.5\hbase-hadoop-compat-2.1.5.jar;D:\work_place\IDEA\respository\respository_new\org\apache\hbase\hbase-metrics-api\2.1.5\hbase-metrics-api-2.1.5.jar;D:\work_place\IDEA\respository\respository_new\org\apache\hbase\hbase-hadoop2-compat\2.1.5\hbase-hadoop2-compat-2.1.5.jar;D:\work_place\IDEA\respository\respository_new\org\apache\hbase\hbase-metrics\2.1.5\hbase-metrics-2.1.5.jar;D:\work_place\IDEA\respository\respository_new\org\apache\hbase\hbase-protocol-shaded\2.1.5\hbase-protocol-shaded-2.1.5.jar;D:\work_place\IDEA\respository\respository_new\org\apache\hbase\hbase-protocol\2.1.5\hbase-protocol-2.1.5.jar;D:\work_place\IDEA\respository\respository_new\org\apache\hbase\thirdparty\hbase-shaded-miscellaneous\2.1.0\hbase-shaded-miscellaneous-2.1.0.jar;D:\work_place\IDEA\respository\respository_new\com\google\protobuf\protobuf-java\3.13.0\protobuf-java-3.13.0.jar;D:\work_place\IDEA\respository\respository_new\org\apache\hbase\thirdparty\hbase-shaded-netty\2.1.0\hbase-shaded-netty-2.1.0.jar;D:\work_place\IDEA\respository\respository_new\org\apache\zookeeper\zookeeper\3.4.10\zookeeper-3.4.10.jar;D:\work_place\IDEA\respository\respository_new\org\apache\htrace\htrace-core4\4.2.0-incubating\htrace-core4-4.2.0-incubating.jar;D:\work_place\IDEA\respository\respository_new\org\jruby\jcodings\jcodings\1.0.18\jcodings-1.0.18.jar;D:\work_place\IDEA\respository\respository_new\org\jruby\joni\joni\2.1.11\joni-2.1.11.jar;D:\work_place\IDEA\respository\respository_new\io\dropwizard\metrics\metrics-core\4.1.17\metrics-core-4.1.17.jar;D:\work_place\IDEA\respository\respository_new\org\apache\commons\commons-crypto\1.0.0\commons-crypto-1.0.0.jar;D:\work_place\IDEA\respository\respository_new\com\fasterxml\jackson\core\jackson-databind\2.11.4\jackson-databind-2.11.4.jar;D:\work_place\IDEA\respository\respository_new\org\apache\hadoop\hadoop-auth\2.7.7\hadoop-auth-2.7.7.jar;D:\work_place\IDEA\respository\respository_new\org\apache\directory\server\apacheds-kerberos-codec\2.0.0-M15\apacheds-kerberos-codec-2.0.0-M15.jar;D:\work_place\IDEA\respository\respository_new\org\apache\directory\server\apacheds-i18n\2.0.0-M15\apacheds-i18n-2.0.0-M15.jar;D:\work_place\IDEA\respository\respository_new\org\apache\directory\api\api-asn1-api\1.0.0-M20\api-asn1-api-1.0.0-M20.jar;D:\work_place\IDEA\respository\respository_new\org\apache\directory\api\api-util\1.0.0-M20\api-util-1.0.0-M20.jar;D:\work_place\IDEA\respository\respository_new\org\apache\curator\curator-framework\4.2.0\curator-framework-4.2.0.jar;D:\work_place\IDEA\respository\respository_new\org\apache\hadoop\hadoop-common\2.7.7\hadoop-common-2.7.7.jar;D:\work_place\IDEA\respository\respository_new\org\apache\hadoop\hadoop-annotations\2.7.7\hadoop-annotations-2.7.7.jar;D:\tool\jdk1.8.0_321\jre\..\lib\tools.jar;D:\work_place\IDEA\respository\respository_new\commons-cli\commons-cli\1.2\commons-cli-1.2.jar;D:\work_place\IDEA\respository\respository_new\org\apache\commons\commons-math3\3.1.1\commons-math3-3.1.1.jar;D:\work_place\IDEA\respository\respository_new\xmlenc\xmlenc\0.52\xmlenc-0.52.jar;D:\work_place\IDEA\respository\respository_new\commons-httpclient\commons-httpclient\3.1\commons-httpclient-3.1.jar;D:\work_place\IDEA\respository\respository_new\commons-net\commons-net\3.1\commons-net-3.1.jar;D:\work_place\IDEA\respository\respository_new\org\mortbay\jetty\jetty-sslengine\6.1.26\jetty-sslengine-6.1.26.jar;D:\work_place\IDEA\respository\respository_new\commons-lang\commons-lang\2.6\commons-lang-2.6.jar;D:\work_place\IDEA\respository\respository_new\commons-configuration\commons-configuration\1.6\commons-configuration-1.6.jar;D:\work_place\IDEA\respository\respository_new\commons-digester\commons-digester\1.8\commons-digester-1.8.jar;D:\work_place\IDEA\respository\respository_new\commons-beanutils\commons-beanutils-core\1.8.0\commons-beanutils-core-1.8.0.jar;D:\work_place\IDEA\respository\respository_new\org\codehaus\jackson\jackson-core-asl\1.9.13\jackson-core-asl-1.9.13.jar;D:\work_place\IDEA\respository\respository_new\org\codehaus\jackson\jackson-mapper-asl\1.9.13\jackson-mapper-asl-1.9.13.jar;D:\work_place\IDEA\respository\respository_new\org\apache\avro\avro\1.7.4\avro-1.7.4.jar;D:\work_place\IDEA\respository\respository_new\com\thoughtworks\paranamer\paranamer\2.3\paranamer-2.3.jar;D:\work_place\IDEA\respository\respository_new\com\jcraft\jsch\0.1.54\jsch-0.1.54.jar;D:\work_place\IDEA\respository\respository_new\org\apache\curator\curator-client\2.7.1\curator-client-2.7.1.jar;D:\work_place\IDEA\respository\respository_new\org\apache\curator\curator-recipes\4.2.0\curator-recipes-4.2.0.jar;D:\work_place\IDEA\respository\respository_new\org\apache\htrace\htrace-core\3.1.0-incubating\htrace-core-3.1.0-incubating.jar;D:\work_place\IDEA\respository\respository_new\org\apache\commons\commons-compress\1.4.1\commons-compress-1.4.1.jar;D:\work_place\IDEA\respository\respository_new\org\tukaani\xz\1.0\xz-1.0.jar;D:\work_place\IDEA\respository\respository_new\org\apache\yetus\audience-annotations\0.5.0\audience-annotations-0.5.0.jar;D:\work_place\IDEA\respository\respository_new\junit\junit\4.12\junit-4.12.jar;D:\work_place\IDEA\respository\respository_new\org\hamcrest\hamcrest-core\2.2\hamcrest-core-2.2.jar;D:\work_place\IDEA\respository\respository_new\org\jsoup\jsoup\1.10.2\jsoup-1.10.2.jar;D:\work_place\IDEA\respository\respository_new\joda-time\joda-time\2.10.5\joda-time-2.10.5.jar;D:\work_place\IDEA\respository\respository_new\com\github\xiaoymin\knife4j-spring-boot-starter\2.0.2\knife4j-spring-boot-starter-2.0.2.jar;D:\work_place\IDEA\respository\respository_new\com\github\xiaoymin\knife4j-spring-boot-autoconfigure\2.0.2\knife4j-spring-boot-autoconfigure-2.0.2.jar;D:\work_place\IDEA\respository\respository_new\com\github\xiaoymin\knife4j-spring\2.0.2\knife4j-spring-2.0.2.jar;D:\work_place\IDEA\respository\respository_new\com\github\xiaoymin\knife4j-annotations\2.0.2\knife4j-annotations-2.0.2.jar;D:\work_place\IDEA\respository\respository_new\com\github\xiaoymin\knife4j-core\2.0.2\knife4j-core-2.0.2.jar;D:\work_place\IDEA\respository\respository_new\io\springfox\springfox-bean-validators\2.9.2\springfox-bean-validators-2.9.2.jar;D:\work_place\IDEA\respository\respository_new\com\github\xiaoymin\knife4j-spring-ui\2.0.2\knife4j-spring-ui-2.0.2.jar;D:\work_place\IDEA\respository\respository_new\com\heima\heima-leadnews-feign-api\1.0-SNAPSHOT\heima-leadnews-feign-api-1.0-SNAPSHOT.jar;D:\work_place\IDEA\respository\respository_new\org\springframework\cloud\spring-cloud-starter-openfeign\2.2.7.RELEASE\spring-cloud-starter-openfeign-2.2.7.RELEASE.jar;D:\work_place\IDEA\respository\respository_new\org\springframework\cloud\spring-cloud-starter\2.2.7.RELEASE\spring-cloud-starter-2.2.7.RELEASE.jar;D:\work_place\IDEA\respository\respository_new\org\springframework\security\spring-security-rsa\1.0.9.RELEASE\spring-security-rsa-1.0.9.RELEASE.jar;D:\work_place\IDEA\respository\respository_new\org\bouncycastle\bcpkix-jdk15on\1.64\bcpkix-jdk15on-1.64.jar;D:\work_place\IDEA\respository\respository_new\org\bouncycastle\bcprov-jdk15on\1.64\bcprov-jdk15on-1.64.jar;D:\work_place\IDEA\respository\respository_new\org\springframework\cloud\spring-cloud-openfeign-core\2.2.7.RELEASE\spring-cloud-openfeign-core-2.2.7.RELEASE.jar;D:\work_place\IDEA\respository\respository_new\org\springframework\boot\spring-boot-starter-aop\2.3.9.RELEASE\spring-boot-starter-aop-2.3.9.RELEASE.jar;D:\work_place\IDEA\respository\respository_new\org\aspectj\aspectjweaver\1.9.6\aspectjweaver-1.9.6.jar;D:\work_place\IDEA\respository\respository_new\io\github\openfeign\form\feign-form-spring\3.8.0\feign-form-spring-3.8.0.jar;D:\work_place\IDEA\respository\respository_new\io\github\openfeign\form\feign-form\3.8.0\feign-form-3.8.0.jar;D:\work_place\IDEA\respository\respository_new\commons-fileupload\commons-fileupload\1.4\commons-fileupload-1.4.jar;D:\work_place\IDEA\respository\respository_new\io\github\openfeign\feign-core\10.10.1\feign-core-10.10.1.jar;D:\work_place\IDEA\respository\respository_new\io\github\openfeign\feign-slf4j\10.10.1\feign-slf4j-10.10.1.jar;D:\work_place\IDEA\respository\respository_new\io\github\openfeign\feign-hystrix\10.10.1\feign-hystrix-10.10.1.jar;D:\work_place\IDEA\respository\respository_new\com\netflix\archaius\archaius-core\0.7.7\archaius-core-0.7.7.jar;D:\work_place\IDEA\respository\respository_new\com\netflix\hystrix\hystrix-core\1.5.18\hystrix-core-1.5.18.jar;D:\work_place\IDEA\respository\respository_new\org\springframework\boot\spring-boot-starter-web\2.3.9.RELEASE\spring-boot-starter-web-2.3.9.RELEASE.jar;D:\work_place\IDEA\respository\respository_new\org\springframework\boot\spring-boot-starter\2.3.9.RELEASE\spring-boot-starter-2.3.9.RELEASE.jar;D:\work_place\IDEA\respository\respository_new\jakarta\annotation\jakarta.annotation-api\1.3.5\jakarta.annotation-api-1.3.5.jar;D:\work_place\IDEA\respository\respository_new\org\yaml\snakeyaml\1.26\snakeyaml-1.26.jar;D:\work_place\IDEA\respository\respository_new\org\springframework\boot\spring-boot-starter-json\2.3.9.RELEASE\spring-boot-starter-json-2.3.9.RELEASE.jar;D:\work_place\IDEA\respository\respository_new\com\fasterxml\jackson\datatype\jackson-datatype-jdk8\2.11.4\jackson-datatype-jdk8-2.11.4.jar;D:\work_place\IDEA\respository\respository_new\com\fasterxml\jackson\datatype\jackson-datatype-jsr310\2.11.4\jackson-datatype-jsr310-2.11.4.jar;D:\work_place\IDEA\respository\respository_new\com\fasterxml\jackson\module\jackson-module-parameter-names\2.11.4\jackson-module-parameter-names-2.11.4.jar;D:\work_place\IDEA\respository\respository_new\org\springframework\boot\spring-boot-starter-tomcat\2.3.9.RELEASE\spring-boot-starter-tomcat-2.3.9.RELEASE.jar;D:\work_place\IDEA\respository\respository_new\org\apache\tomcat\embed\tomcat-embed-core\9.0.43\tomcat-embed-core-9.0.43.jar;D:\work_place\IDEA\respository\respository_new\org\glassfish\jakarta.el\3.0.3\jakarta.el-3.0.3.jar;D:\work_place\IDEA\respository\respository_new\org\apache\tomcat\embed\tomcat-embed-websocket\9.0.43\tomcat-embed-websocket-9.0.43.jar;D:\work_place\IDEA\respository\respository_new\org\springframework\spring-web\5.2.13.RELEASE\spring-web-5.2.13.RELEASE.jar;D:\work_place\IDEA\respository\respository_new\org\springframework\spring-beans\5.2.13.RELEASE\spring-beans-5.2.13.RELEASE.jar;D:\work_place\IDEA\respository\respository_new\org\springframework\spring-webmvc\5.2.13.RELEASE\spring-webmvc-5.2.13.RELEASE.jar;D:\work_place\IDEA\respository\respository_new\org\springframework\spring-aop\5.2.13.RELEASE\spring-aop-5.2.13.RELEASE.jar;D:\work_place\IDEA\respository\respository_new\org\springframework\spring-expression\5.2.13.RELEASE\spring-expression-5.2.13.RELEASE.jar;D:\work_place\IDEA\respository\respository_new\org\springframework\boot\spring-boot-starter-test\2.3.9.RELEASE\spring-boot-starter-test-2.3.9.RELEASE.jar;D:\work_place\IDEA\respository\respository_new\org\springframework\boot\spring-boot-test-autoconfigure\2.3.9.RELEASE\spring-boot-test-autoconfigure-2.3.9.RELEASE.jar;D:\work_place\IDEA\respository\respository_new\com\jayway\jsonpath\json-path\2.4.0\json-path-2.4.0.jar;D:\work_place\IDEA\respository\respository_new\net\minidev\json-smart\2.3\json-smart-2.3.jar;D:\work_place\IDEA\respository\respository_new\net\minidev\accessors-smart\1.2\accessors-smart-1.2.jar;D:\work_place\IDEA\respository\respository_new\org\ow2\asm\asm\5.0.4\asm-5.0.4.jar;D:\work_place\IDEA\respository\respository_new\jakarta\xml\bind\jakarta.xml.bind-api\2.3.3\jakarta.xml.bind-api-2.3.3.jar;D:\work_place\IDEA\respository\respository_new\jakarta\activation\jakarta.activation-api\1.2.2\jakarta.activation-api-1.2.2.jar;D:\work_place\IDEA\respository\respository_new\org\assertj\assertj-core\3.16.1\assertj-core-3.16.1.jar;D:\work_place\IDEA\respository\respository_new\org\hamcrest\hamcrest\2.2\hamcrest-2.2.jar;D:\work_place\IDEA\respository\respository_new\org\junit\jupiter\junit-jupiter\5.6.3\junit-jupiter-5.6.3.jar;D:\work_place\IDEA\respository\respository_new\org\junit\jupiter\junit-jupiter-api\5.6.3\junit-jupiter-api-5.6.3.jar;D:\work_place\IDEA\respository\respository_new\org\opentest4j\opentest4j\1.2.0\opentest4j-1.2.0.jar;D:\work_place\IDEA\respository\respository_new\org\junit\platform\junit-platform-commons\1.6.3\junit-platform-commons-1.6.3.jar;D:\work_place\IDEA\respository\respository_new\org\junit\jupiter\junit-jupiter-params\5.6.3\junit-jupiter-params-5.6.3.jar;D:\work_place\IDEA\respository\respository_new\org\junit\jupiter\junit-jupiter-engine\5.6.3\junit-jupiter-engine-5.6.3.jar;D:\work_place\IDEA\respository\respository_new\org\junit\vintage\junit-vintage-engine\5.6.3\junit-vintage-engine-5.6.3.jar;D:\work_place\IDEA\respository\respository_new\org\apiguardian\apiguardian-api\1.1.0\apiguardian-api-1.1.0.jar;D:\work_place\IDEA\respository\respository_new\org\junit\platform\junit-platform-engine\1.6.3\junit-platform-engine-1.6.3.jar;D:\work_place\IDEA\respository\respository_new\org\mockito\mockito-core\3.3.3\mockito-core-3.3.3.jar;D:\work_place\IDEA\respository\respository_new\net\bytebuddy\byte-buddy\1.10.20\byte-buddy-1.10.20.jar;D:\work_place\IDEA\respository\respository_new\net\bytebuddy\byte-buddy-agent\1.10.20\byte-buddy-agent-1.10.20.jar;D:\work_place\IDEA\respository\respository_new\org\objenesis\objenesis\2.6\objenesis-2.6.jar;D:\work_place\IDEA\respository\respository_new\org\mockito\mockito-junit-jupiter\3.3.3\mockito-junit-jupiter-3.3.3.jar;D:\work_place\IDEA\respository\respository_new\org\skyscreamer\jsonassert\1.5.0\jsonassert-1.5.0.jar;D:\work_place\IDEA\respository\respository_new\com\vaadin\external\google\android-json\0.0.20131108.vaadin1\android-json-0.0.20131108.vaadin1.jar;D:\work_place\IDEA\respository\respository_new\org\springframework\spring-core\5.2.13.RELEASE\spring-core-5.2.13.RELEASE.jar;D:\work_place\IDEA\respository\respository_new\org\springframework\spring-jcl\5.2.13.RELEASE\spring-jcl-5.2.13.RELEASE.jar;D:\work_place\IDEA\respository\respository_new\org\springframework\spring-test\5.2.13.RELEASE\spring-test-5.2.13.RELEASE.jar;D:\work_place\IDEA\respository\respository_new\org\xmlunit\xmlunit-core\2.7.0\xmlunit-core-2.7.0.jar;D:\work_place\IDEA\respository\respository_new\com\alibaba\cloud\spring-cloud-starter-alibaba-nacos-discovery\2.2.5.RELEASE\spring-cloud-starter-alibaba-nacos-discovery-2.2.5.RELEASE.jar;D:\work_place\IDEA\respository\respository_new\com\alibaba\cloud\spring-cloud-alibaba-commons\2.2.5.RELEASE\spring-cloud-alibaba-commons-2.2.5.RELEASE.jar;D:\work_place\IDEA\respository\respository_new\com\alibaba\nacos\nacos-client\1.4.1\nacos-client-1.4.1.jar;D:\work_place\IDEA\respository\respository_new\com\alibaba\nacos\nacos-common\1.4.1\nacos-common-1.4.1.jar;D:\work_place\IDEA\respository\respository_new\org\apache\httpcomponents\httpasyncclient\4.1.4\httpasyncclient-4.1.4.jar;D:\work_place\IDEA\respository\respository_new\org\apache\httpcomponents\httpcore-nio\4.4.14\httpcore-nio-4.4.14.jar;D:\work_place\IDEA\respository\respository_new\com\alibaba\nacos\nacos-api\1.4.1\nacos-api-1.4.1.jar;D:\work_place\IDEA\respository\respository_new\com\fasterxml\jackson\core\jackson-core\2.11.4\jackson-core-2.11.4.jar;D:\work_place\IDEA\respository\respository_new\io\prometheus\simpleclient\0.5.0\simpleclient-0.5.0.jar;D:\work_place\IDEA\respository\respository_new\com\alibaba\spring\spring-context-support\1.0.10\spring-context-support-1.0.10.jar;D:\work_place\IDEA\respository\respository_new\org\springframework\cloud\spring-cloud-commons\2.2.7.RELEASE\spring-cloud-commons-2.2.7.RELEASE.jar;D:\work_place\IDEA\respository\respository_new\org\springframework\security\spring-security-crypto\5.3.8.RELEASE\spring-security-crypto-5.3.8.RELEASE.jar;D:\work_place\IDEA\respository\respository_new\org\springframework\cloud\spring-cloud-context\2.2.7.RELEASE\spring-cloud-context-2.2.7.RELEASE.jar;D:\work_place\IDEA\respository\respository_new\org\springframework\cloud\spring-cloud-starter-netflix-ribbon\2.2.7.RELEASE\spring-cloud-starter-netflix-ribbon-2.2.7.RELEASE.jar;D:\work_place\IDEA\respository\respository_new\org\springframework\cloud\spring-cloud-netflix-ribbon\2.2.7.RELEASE\spring-cloud-netflix-ribbon-2.2.7.RELEASE.jar;D:\work_place\IDEA\respository\respository_new\org\springframework\cloud\spring-cloud-netflix-archaius\2.2.7.RELEASE\spring-cloud-netflix-archaius-2.2.7.RELEASE.jar;D:\work_place\IDEA\respository\respository_new\org\springframework\cloud\spring-cloud-starter-netflix-archaius\2.2.7.RELEASE\spring-cloud-starter-netflix-archaius-2.2.7.RELEASE.jar;D:\work_place\IDEA\respository\respository_new\com\netflix\ribbon\ribbon\2.3.0\ribbon-2.3.0.jar;D:\work_place\IDEA\respository\respository_new\com\netflix\ribbon\ribbon-transport\2.3.0\ribbon-transport-2.3.0.jar;D:\work_place\IDEA\respository\respository_new\io\reactivex\rxnetty-contexts\0.4.9\rxnetty-contexts-0.4.9.jar;D:\work_place\IDEA\respository\respository_new\io\reactivex\rxnetty-servo\0.4.9\rxnetty-servo-0.4.9.jar;D:\work_place\IDEA\respository\respository_new\javax\inject\javax.inject\1\javax.inject-1.jar;D:\work_place\IDEA\respository\respository_new\io\reactivex\rxnetty\0.4.9\rxnetty-0.4.9.jar;D:\work_place\IDEA\respository\respository_new\com\netflix\ribbon\ribbon-core\2.3.0\ribbon-core-2.3.0.jar;D:\work_place\IDEA\respository\respository_new\com\netflix\ribbon\ribbon-httpclient\2.3.0\ribbon-httpclient-2.3.0.jar;D:\work_place\IDEA\respository\respository_new\com\sun\jersey\jersey-client\1.19.1\jersey-client-1.19.1.jar;D:\work_place\IDEA\respository\respository_new\com\sun\jersey\jersey-core\1.19.1\jersey-core-1.19.1.jar;D:\work_place\IDEA\respository\respository_new\javax\ws\rs\jsr311-api\1.1.1\jsr311-api-1.1.1.jar;D:\work_place\IDEA\respository\respository_new\com\sun\jersey\contribs\jersey-apache-client4\1.19.1\jersey-apache-client4-1.19.1.jar;D:\work_place\IDEA\respository\respository_new\com\netflix\servo\servo-core\0.12.21\servo-core-0.12.21.jar;D:\work_place\IDEA\respository\respository_new\com\netflix\netflix-commons\netflix-commons-util\0.3.0\netflix-commons-util-0.3.0.jar;D:\work_place\IDEA\respository\respository_new\com\netflix\ribbon\ribbon-loadbalancer\2.3.0\ribbon-loadbalancer-2.3.0.jar;D:\work_place\IDEA\respository\respository_new\com\netflix\netflix-commons\netflix-statistics\0.1.1\netflix-statistics-0.1.1.jar;D:\work_place\IDEA\respository\respository_new\io\reactivex\rxjava\1.3.8\rxjava-1.3.8.jar;D:\work_place\IDEA\respository\respository_new\com\alibaba\cloud\spring-cloud-starter-alibaba-nacos-config\2.2.5.RELEASE\spring-cloud-starter-alibaba-nacos-config-2.2.5.RELEASE.jar;D:\work_place\IDEA\respository\respository_new\org\springframework\boot\spring-boot-starter-log4j2\2.3.9.RELEASE\spring-boot-starter-log4j2-2.3.9.RELEASE.jar;D:\work_place\IDEA\respository\respository_new\org\apache\logging\log4j\log4j-slf4j-impl\2.13.3\log4j-slf4j-impl-2.13.3.jar;D:\work_place\IDEA\respository\respository_new\org\apache\logging\log4j\log4j-api\2.13.3\log4j-api-2.13.3.jar;D:\work_place\IDEA\respository\respository_new\org\apache\logging\log4j\log4j-core\2.13.3\log4j-core-2.13.3.jar;D:\work_place\IDEA\respository\respository_new\org\apache\logging\log4j\log4j-jul\2.13.3\log4j-jul-2.13.3.jar;D:\work_place\IDEA\respository\respository_new\org\slf4j\jul-to-slf4j\1.7.30\jul-to-slf4j-1.7.30.jar;D:\work_place\IDEA\respository\respository_new\org\projectlombok\lombok\1.18.8\lombok-1.18.8.jar;"/>
    <property name="sun.cpu.endian" value="little"/>
    <property name="user.home" value="C:\Users\16090"/>
    <property name="user.language" value="zh"/>
    <property name="java.specification.vendor" value="Oracle Corporation"/>
    <property name="java.home" value="D:\tool\jdk1.8.0_321\jre"/>
    <property name="basedir" value="D:\work_place\IDEA\leadnews\heima-leadnews-service\heima-leadnews-schedule"/>
    <property name="file.separator" value="\"/>
    <property name="line.separator" value="&#10;"/>
    <property name="java.vm.specification.vendor" value="Oracle Corporation"/>
    <property name="java.specification.name" value="Java Platform API Specification"/>
    <property name="java.awt.graphicsenv" value="sun.awt.Win32GraphicsEnvironment"/>
    <property name="surefire.real.class.path" value="C:\Users\16090\AppData\Local\Temp\surefire2069603693589564699\surefirebooter4998044359290281984.jar"/>
    <property name="sun.boot.class.path" value="D:\tool\jdk1.8.0_321\jre\lib\resources.jar;D:\tool\jdk1.8.0_321\jre\lib\rt.jar;D:\tool\jdk1.8.0_321\jre\lib\sunrsasign.jar;D:\tool\jdk1.8.0_321\jre\lib\jsse.jar;D:\tool\jdk1.8.0_321\jre\lib\jce.jar;D:\tool\jdk1.8.0_321\jre\lib\charsets.jar;D:\tool\jdk1.8.0_321\jre\lib\jfr.jar;D:\tool\jdk1.8.0_321\jre\classes"/>
    <property name="user.script" value=""/>
    <property name="sun.management.compiler" value="HotSpot 64-Bit Tiered Compilers"/>
    <property name="java.runtime.version" value="1.8.0_321-b07"/>
    <property name="user.name" value="16090"/>
    <property name="path.separator" value=";"/>
    <property name="os.version" value="10.0"/>
    <property name="java.endorsed.dirs" value="D:\tool\jdk1.8.0_321\jre\lib\endorsed"/>
    <property name="java.runtime.name" value="Java(TM) SE Runtime Environment"/>
    <property name="file.encoding" value="GBK"/>
    <property name="java.vm.name" value="Java HotSpot(TM) 64-Bit Server VM"/>
    <property name="localRepository" value="D:\work_place\IDEA\respository\respository_new"/>
    <property name="java.vendor.url.bug" value="http://bugreport.sun.com/bugreport/"/>
    <property name="java.io.tmpdir" value="C:\Users\16090\AppData\Local\Temp\"/>
    <property name="idea.version" value="2023.2"/>
    <property name="java.version" value="1.8.0_321"/>
    <property name="user.dir" value="D:\work_place\IDEA\leadnews\heima-leadnews-service\heima-leadnews-schedule"/>
    <property name="os.arch" value="amd64"/>
    <property name="java.vm.specification.name" value="Java Virtual Machine Specification"/>
    <property name="java.awt.printerjob" value="sun.awt.windows.WPrinterJob"/>
    <property name="sun.os.patch.level" value=""/>
    <property name="java.library.path" value="D:\tool\jdk1.8.0_321\jre\bin;C:\Windows\Sun\Java\bin;C:\Windows\system32;C:\Windows;D:\work\Anaconda3\condabin;D:\tool\VMware\bin\;C:\Program Files (x86)\Common Files\Oracle\Java\javapath;D:\work\Python310\Scripts\;D:\work\Python310\;C:\Windows\system32;C:\Windows;C:\Windows\System32\Wbem;C:\Windows\System32\WindowsPowerShell\v1.0\;C:\Windows\System32\OpenSSH\;C:\Program Files (x86)\NVIDIA Corporation\PhysX\Common;C:\Program Files\NVIDIA Corporation\NVIDIA NvDLISR;D:\work\Anaconda3;D:\work\Anaconda3\Scripts;D:\work\Anaconda3\Library\bin;D:\work\Anaconda3\Library\mingw-w64\bin;D:\tool\Git\cmd;D:\work\Anaconda3\envs\pyqt5\Lib\site-packages\qt5_applications\Qt\bin;D:\work\nodejs\;D:\work\apache-jmeter-5.5\bin;C:\Program Files\Docker\Docker\resources\bin;D:\work_place\IDEA\apache-maven-3.6.1\bin;D:\tool\SVN\bin;C:\Program Files\MySQL\MySQL Shell 8.0\bin\;C:\Users\16090\AppData\Local\Microsoft\WindowsApps;D:\work\PyCharm 2022.3\bin;;D:\tool\VS Code\Microsoft VS Code\bin;D:\tool\jdk1.8.0_321\bin;D:\work\nodejs\node_global;D:\work\IntelliJ IDEA 2021.3.2\bin;;D:\LenovoSoftstore\Install\QQliuxidating\QQGameTempest\Hall.57808\;C:\Users\16090\AppData\Local\Pandoc\;C:\Users\16090\AppData\Local\GitHubDesktop\bin;."/>
    <property name="java.vm.info" value="mixed mode"/>
    <property name="java.vendor" value="Oracle Corporation"/>
    <property name="java.vm.version" value="25.321-b07"/>
    <property name="java.ext.dirs" value="D:\tool\jdk1.8.0_321\jre\lib\ext;C:\Windows\Sun\Java\lib\ext"/>
    <property name="sun.io.unicode.encoding" value="UnicodeLittle"/>
    <property name="maven.repo.local" value="D:\work_place\IDEA\respository\respository_new"/>
    <property name="java.class.version" value="52.0"/>
  </properties>
  <testcase name="testList" classname="com.heima.schedule.RedisTest" time="0.008">
    <error message="Failed to load ApplicationContext" type="java.lang.IllegalStateException">java.lang.IllegalStateException: Failed to load ApplicationContext
Caused by: org.springframework.beans.factory.UnsatisfiedDependencyException: Error creating bean with name 'documentationPluginsBootstrapper' defined in URL [jar:file:/D:/work_place/IDEA/respository/respository_new/io/springfox/springfox-spring-web/2.9.2/springfox-spring-web-2.9.2.jar!/springfox/documentation/spring/web/plugins/DocumentationPluginsBootstrapper.class]: Unsatisfied dependency expressed through constructor parameter 1; nested exception is org.springframework.beans.factory.UnsatisfiedDependencyException: Error creating bean with name 'webMvcRequestHandlerProvider' defined in URL [jar:file:/D:/work_place/IDEA/respository/respository_new/io/springfox/springfox-spring-web/2.9.2/springfox-spring-web-2.9.2.jar!/springfox/documentation/spring/web/plugins/WebMvcRequestHandlerProvider.class]: Unsatisfied dependency expressed through constructor parameter 1; nested exception is org.springframework.beans.factory.BeanCreationException: Error creating bean with name 'webEndpointServletHandlerMapping' defined in class path resource [org/springframework/boot/actuate/autoconfigure/endpoint/web/servlet/WebMvcEndpointManagementContextConfiguration.class]: Bean instantiation via factory method failed; nested exception is org.springframework.beans.BeanInstantiationException: Failed to instantiate [org.springframework.boot.actuate.endpoint.web.servlet.WebMvcEndpointHandlerMapping]: Factory method 'webEndpointServletHandlerMapping' threw exception; nested exception is org.springframework.beans.factory.UnsatisfiedDependencyException: Error creating bean with name 'healthEndpoint' defined in class path resource [org/springframework/boot/actuate/autoconfigure/health/HealthEndpointConfiguration.class]: Unsatisfied dependency expressed through method 'healthEndpoint' parameter 0; nested exception is org.springframework.beans.factory.BeanCreationException: Error creating bean with name 'healthContributorRegistry' defined in class path resource [org/springframework/boot/actuate/autoconfigure/health/HealthEndpointConfiguration.class]: Bean instantiation via factory method failed; nested exception is org.springframework.beans.BeanInstantiationException: Failed to instantiate [org.springframework.boot.actuate.health.HealthContributorRegistry]: Factory method 'healthContributorRegistry' threw exception; nested exception is org.springframework.beans.factory.UnsatisfiedDependencyException: Error creating bean with name 'org.springframework.boot.actuate.autoconfigure.jdbc.DataSourceHealthContributorAutoConfiguration': Unsatisfied dependency expressed through constructor parameter 0; nested exception is org.springframework.beans.factory.BeanCreationException: Error creating bean with name 'dataSource' defined in class path resource [org/springframework/boot/autoconfigure/jdbc/DataSourceConfiguration$Hikari.class]: Bean instantiation via factory method failed; nested exception is org.springframework.beans.BeanInstantiationException: Failed to instantiate [com.zaxxer.hikari.HikariDataSource]: Factory method 'dataSource' threw exception; nested exception is org.springframework.boot.autoconfigure.jdbc.DataSourceProperties$DataSourceBeanCreationException: Failed to determine a suitable driver class
Caused by: org.springframework.beans.factory.UnsatisfiedDependencyException: Error creating bean with name 'webMvcRequestHandlerProvider' defined in URL [jar:file:/D:/work_place/IDEA/respository/respository_new/io/springfox/springfox-spring-web/2.9.2/springfox-spring-web-2.9.2.jar!/springfox/documentation/spring/web/plugins/WebMvcRequestHandlerProvider.class]: Unsatisfied dependency expressed through constructor parameter 1; nested exception is org.springframework.beans.factory.BeanCreationException: Error creating bean with name 'webEndpointServletHandlerMapping' defined in class path resource [org/springframework/boot/actuate/autoconfigure/endpoint/web/servlet/WebMvcEndpointManagementContextConfiguration.class]: Bean instantiation via factory method failed; nested exception is org.springframework.beans.BeanInstantiationException: Failed to instantiate [org.springframework.boot.actuate.endpoint.web.servlet.WebMvcEndpointHandlerMapping]: Factory method 'webEndpointServletHandlerMapping' threw exception; nested exception is org.springframework.beans.factory.UnsatisfiedDependencyException: Error creating bean with name 'healthEndpoint' defined in class path resource [org/springframework/boot/actuate/autoconfigure/health/HealthEndpointConfiguration.class]: Unsatisfied dependency expressed through method 'healthEndpoint' parameter 0; nested exception is org.springframework.beans.factory.BeanCreationException: Error creating bean with name 'healthContributorRegistry' defined in class path resource [org/springframework/boot/actuate/autoconfigure/health/HealthEndpointConfiguration.class]: Bean instantiation via factory method failed; nested exception is org.springframework.beans.BeanInstantiationException: Failed to instantiate [org.springframework.boot.actuate.health.HealthContributorRegistry]: Factory method 'healthContributorRegistry' threw exception; nested exception is org.springframework.beans.factory.UnsatisfiedDependencyException: Error creating bean with name 'org.springframework.boot.actuate.autoconfigure.jdbc.DataSourceHealthContributorAutoConfiguration': Unsatisfied dependency expressed through constructor parameter 0; nested exception is org.springframework.beans.factory.BeanCreationException: Error creating bean with name 'dataSource' defined in class path resource [org/springframework/boot/autoconfigure/jdbc/DataSourceConfiguration$Hikari.class]: Bean instantiation via factory method failed; nested exception is org.springframework.beans.BeanInstantiationException: Failed to instantiate [com.zaxxer.hikari.HikariDataSource]: Factory method 'dataSource' threw exception; nested exception is org.springframework.boot.autoconfigure.jdbc.DataSourceProperties$DataSourceBeanCreationException: Failed to determine a suitable driver class
Caused by: org.springframework.beans.factory.BeanCreationException: Error creating bean with name 'webEndpointServletHandlerMapping' defined in class path resource [org/springframework/boot/actuate/autoconfigure/endpoint/web/servlet/WebMvcEndpointManagementContextConfiguration.class]: Bean instantiation via factory method failed; nested exception is org.springframework.beans.BeanInstantiationException: Failed to instantiate [org.springframework.boot.actuate.endpoint.web.servlet.WebMvcEndpointHandlerMapping]: Factory method 'webEndpointServletHandlerMapping' threw exception; nested exception is org.springframework.beans.factory.UnsatisfiedDependencyException: Error creating bean with name 'healthEndpoint' defined in class path resource [org/springframework/boot/actuate/autoconfigure/health/HealthEndpointConfiguration.class]: Unsatisfied dependency expressed through method 'healthEndpoint' parameter 0; nested exception is org.springframework.beans.factory.BeanCreationException: Error creating bean with name 'healthContributorRegistry' defined in class path resource [org/springframework/boot/actuate/autoconfigure/health/HealthEndpointConfiguration.class]: Bean instantiation via factory method failed; nested exception is org.springframework.beans.BeanInstantiationException: Failed to instantiate [org.springframework.boot.actuate.health.HealthContributorRegistry]: Factory method 'healthContributorRegistry' threw exception; nested exception is org.springframework.beans.factory.UnsatisfiedDependencyException: Error creating bean with name 'org.springframework.boot.actuate.autoconfigure.jdbc.DataSourceHealthContributorAutoConfiguration': Unsatisfied dependency expressed through constructor parameter 0; nested exception is org.springframework.beans.factory.BeanCreationException: Error creating bean with name 'dataSource' defined in class path resource [org/springframework/boot/autoconfigure/jdbc/DataSourceConfiguration$Hikari.class]: Bean instantiation via factory method failed; nested exception is org.springframework.beans.BeanInstantiationException: Failed to instantiate [com.zaxxer.hikari.HikariDataSource]: Factory method 'dataSource' threw exception; nested exception is org.springframework.boot.autoconfigure.jdbc.DataSourceProperties$DataSourceBeanCreationException: Failed to determine a suitable driver class
Caused by: org.springframework.beans.BeanInstantiationException: Failed to instantiate [org.springframework.boot.actuate.endpoint.web.servlet.WebMvcEndpointHandlerMapping]: Factory method 'webEndpointServletHandlerMapping' threw exception; nested exception is org.springframework.beans.factory.UnsatisfiedDependencyException: Error creating bean with name 'healthEndpoint' defined in class path resource [org/springframework/boot/actuate/autoconfigure/health/HealthEndpointConfiguration.class]: Unsatisfied dependency expressed through method 'healthEndpoint' parameter 0; nested exception is org.springframework.beans.factory.BeanCreationException: Error creating bean with name 'healthContributorRegistry' defined in class path resource [org/springframework/boot/actuate/autoconfigure/health/HealthEndpointConfiguration.class]: Bean instantiation via factory method failed; nested exception is org.springframework.beans.BeanInstantiationException: Failed to instantiate [org.springframework.boot.actuate.health.HealthContributorRegistry]: Factory method 'healthContributorRegistry' threw exception; nested exception is org.springframework.beans.factory.UnsatisfiedDependencyException: Error creating bean with name 'org.springframework.boot.actuate.autoconfigure.jdbc.DataSourceHealthContributorAutoConfiguration': Unsatisfied dependency expressed through constructor parameter 0; nested exception is org.springframework.beans.factory.BeanCreationException: Error creating bean with name 'dataSource' defined in class path resource [org/springframework/boot/autoconfigure/jdbc/DataSourceConfiguration$Hikari.class]: Bean instantiation via factory method failed; nested exception is org.springframework.beans.BeanInstantiationException: Failed to instantiate [com.zaxxer.hikari.HikariDataSource]: Factory method 'dataSource' threw exception; nested exception is org.springframework.boot.autoconfigure.jdbc.DataSourceProperties$DataSourceBeanCreationException: Failed to determine a suitable driver class
Caused by: org.springframework.beans.factory.UnsatisfiedDependencyException: Error creating bean with name 'healthEndpoint' defined in class path resource [org/springframework/boot/actuate/autoconfigure/health/HealthEndpointConfiguration.class]: Unsatisfied dependency expressed through method 'healthEndpoint' parameter 0; nested exception is org.springframework.beans.factory.BeanCreationException: Error creating bean with name 'healthContributorRegistry' defined in class path resource [org/springframework/boot/actuate/autoconfigure/health/HealthEndpointConfiguration.class]: Bean instantiation via factory method failed; nested exception is org.springframework.beans.BeanInstantiationException: Failed to instantiate [org.springframework.boot.actuate.health.HealthContributorRegistry]: Factory method 'healthContributorRegistry' threw exception; nested exception is org.springframework.beans.factory.UnsatisfiedDependencyException: Error creating bean with name 'org.springframework.boot.actuate.autoconfigure.jdbc.DataSourceHealthContributorAutoConfiguration': Unsatisfied dependency expressed through constructor parameter 0; nested exception is org.springframework.beans.factory.BeanCreationException: Error creating bean with name 'dataSource' defined in class path resource [org/springframework/boot/autoconfigure/jdbc/DataSourceConfiguration$Hikari.class]: Bean instantiation via factory method failed; nested exception is org.springframework.beans.BeanInstantiationException: Failed to instantiate [com.zaxxer.hikari.HikariDataSource]: Factory method 'dataSource' threw exception; nested exception is org.springframework.boot.autoconfigure.jdbc.DataSourceProperties$DataSourceBeanCreationException: Failed to determine a suitable driver class
Caused by: org.springframework.beans.factory.BeanCreationException: Error creating bean with name 'healthContributorRegistry' defined in class path resource [org/springframework/boot/actuate/autoconfigure/health/HealthEndpointConfiguration.class]: Bean instantiation via factory method failed; nested exception is org.springframework.beans.BeanInstantiationException: Failed to instantiate [org.springframework.boot.actuate.health.HealthContributorRegistry]: Factory method 'healthContributorRegistry' threw exception; nested exception is org.springframework.beans.factory.UnsatisfiedDependencyException: Error creating bean with name 'org.springframework.boot.actuate.autoconfigure.jdbc.DataSourceHealthContributorAutoConfiguration': Unsatisfied dependency expressed through constructor parameter 0; nested exception is org.springframework.beans.factory.BeanCreationException: Error creating bean with name 'dataSource' defined in class path resource [org/springframework/boot/autoconfigure/jdbc/DataSourceConfiguration$Hikari.class]: Bean instantiation via factory method failed; nested exception is org.springframework.beans.BeanInstantiationException: Failed to instantiate [com.zaxxer.hikari.HikariDataSource]: Factory method 'dataSource' threw exception; nested exception is org.springframework.boot.autoconfigure.jdbc.DataSourceProperties$DataSourceBeanCreationException: Failed to determine a suitable driver class
Caused by: org.springframework.beans.BeanInstantiationException: Failed to instantiate [org.springframework.boot.actuate.health.HealthContributorRegistry]: Factory method 'healthContributorRegistry' threw exception; nested exception is org.springframework.beans.factory.UnsatisfiedDependencyException: Error creating bean with name 'org.springframework.boot.actuate.autoconfigure.jdbc.DataSourceHealthContributorAutoConfiguration': Unsatisfied dependency expressed through constructor parameter 0; nested exception is org.springframework.beans.factory.BeanCreationException: Error creating bean with name 'dataSource' defined in class path resource [org/springframework/boot/autoconfigure/jdbc/DataSourceConfiguration$Hikari.class]: Bean instantiation via factory method failed; nested exception is org.springframework.beans.BeanInstantiationException: Failed to instantiate [com.zaxxer.hikari.HikariDataSource]: Factory method 'dataSource' threw exception; nested exception is org.springframework.boot.autoconfigure.jdbc.DataSourceProperties$DataSourceBeanCreationException: Failed to determine a suitable driver class
Caused by: org.springframework.beans.factory.UnsatisfiedDependencyException: Error creating bean with name 'org.springframework.boot.actuate.autoconfigure.jdbc.DataSourceHealthContributorAutoConfiguration': Unsatisfied dependency expressed through constructor parameter 0; nested exception is org.springframework.beans.factory.BeanCreationException: Error creating bean with name 'dataSource' defined in class path resource [org/springframework/boot/autoconfigure/jdbc/DataSourceConfiguration$Hikari.class]: Bean instantiation via factory method failed; nested exception is org.springframework.beans.BeanInstantiationException: Failed to instantiate [com.zaxxer.hikari.HikariDataSource]: Factory method 'dataSource' threw exception; nested exception is org.springframework.boot.autoconfigure.jdbc.DataSourceProperties$DataSourceBeanCreationException: Failed to determine a suitable driver class
Caused by: org.springframework.beans.factory.BeanCreationException: Error creating bean with name 'dataSource' defined in class path resource [org/springframework/boot/autoconfigure/jdbc/DataSourceConfiguration$Hikari.class]: Bean instantiation via factory method failed; nested exception is org.springframework.beans.BeanInstantiationException: Failed to instantiate [com.zaxxer.hikari.HikariDataSource]: Factory method 'dataSource' threw exception; nested exception is org.springframework.boot.autoconfigure.jdbc.DataSourceProperties$DataSourceBeanCreationException: Failed to determine a suitable driver class
Caused by: org.springframework.beans.BeanInstantiationException: Failed to instantiate [com.zaxxer.hikari.HikariDataSource]: Factory method 'dataSource' threw exception; nested exception is org.springframework.boot.autoconfigure.jdbc.DataSourceProperties$DataSourceBeanCreationException: Failed to determine a suitable driver class
Caused by: org.springframework.boot.autoconfigure.jdbc.DataSourceProperties$DataSourceBeanCreationException: Failed to determine a suitable driver class
</error>
    <system-out><![CDATA[11:14:43.792 [main] DEBUG org.springframework.test.context.junit4.SpringJUnit4ClassRunner - SpringJUnit4ClassRunner constructor called with [class com.heima.schedule.RedisTest]
11:14:43.795 [main] DEBUG org.springframework.test.context.BootstrapUtils - Instantiating CacheAwareContextLoaderDelegate from class [org.springframework.test.context.cache.DefaultCacheAwareContextLoaderDelegate]
11:14:43.802 [main] DEBUG org.springframework.test.context.BootstrapUtils - Instantiating BootstrapContext using constructor [public org.springframework.test.context.support.DefaultBootstrapContext(java.lang.Class,org.springframework.test.context.CacheAwareContextLoaderDelegate)]
11:14:43.832 [main] DEBUG org.springframework.test.context.BootstrapUtils - Instantiating TestContextBootstrapper for test class [com.heima.schedule.RedisTest] from class [org.springframework.boot.test.context.SpringBootTestContextBootstrapper]
11:14:43.849 [main] INFO org.springframework.boot.test.context.SpringBootTestContextBootstrapper - Neither @ContextConfiguration nor @ContextHierarchy found for test class [com.heima.schedule.RedisTest], using SpringBootContextLoader
11:14:43.852 [main] DEBUG org.springframework.test.context.support.AbstractContextLoader - Did not detect default resource location for test class [com.heima.schedule.RedisTest]: class path resource [com/heima/schedule/RedisTest-context.xml] does not exist
11:14:43.852 [main] DEBUG org.springframework.test.context.support.AbstractContextLoader - Did not detect default resource location for test class [com.heima.schedule.RedisTest]: class path resource [com/heima/schedule/RedisTestContext.groovy] does not exist
11:14:43.853 [main] INFO org.springframework.test.context.support.AbstractContextLoader - Could not detect default resource locations for test class [com.heima.schedule.RedisTest]: no resource found for suffixes {-context.xml, Context.groovy}.
11:14:43.891 [main] DEBUG org.springframework.test.context.support.ActiveProfilesUtils - Could not find an 'annotation declaring class' for annotation type [org.springframework.test.context.ActiveProfiles] and class [com.heima.schedule.RedisTest]
11:14:44.012 [main] DEBUG org.springframework.boot.test.context.SpringBootTestContextBootstrapper - @TestExecutionListeners is not present for class [com.heima.schedule.RedisTest]: using defaults.
11:14:44.012 [main] INFO org.springframework.boot.test.context.SpringBootTestContextBootstrapper - Loaded default TestExecutionListener class names from location [META-INF/spring.factories]: [org.springframework.boot.test.mock.mockito.MockitoTestExecutionListener, org.springframework.boot.test.mock.mockito.ResetMocksTestExecutionListener, org.springframework.boot.test.autoconfigure.restdocs.RestDocsTestExecutionListener, org.springframework.boot.test.autoconfigure.web.client.MockRestServiceServerResetTestExecutionListener, org.springframework.boot.test.autoconfigure.web.servlet.MockMvcPrintOnlyOnFailureTestExecutionListener, org.springframework.boot.test.autoconfigure.web.servlet.WebDriverTestExecutionListener, org.springframework.boot.test.autoconfigure.webservices.client.MockWebServiceServerTestExecutionListener, org.springframework.test.context.web.ServletTestExecutionListener, org.springframework.test.context.support.DirtiesContextBeforeModesTestExecutionListener, org.springframework.test.context.support.DependencyInjectionTestExecutionListener, org.springframework.test.context.support.DirtiesContextTestExecutionListener, org.springframework.test.context.transaction.TransactionalTestExecutionListener, org.springframework.test.context.jdbc.SqlScriptsTestExecutionListener, org.springframework.test.context.event.EventPublishingTestExecutionListener]
11:14:44.026 [main] INFO org.springframework.boot.test.context.SpringBootTestContextBootstrapper - Using TestExecutionListeners: [org.springframework.test.context.web.ServletTestExecutionListener@5890e879, org.springframework.test.context.support.DirtiesContextBeforeModesTestExecutionListener@6440112d, org.springframework.boot.test.mock.mockito.MockitoTestExecutionListener@31ea9581, org.springframework.boot.test.autoconfigure.SpringBootDependencyInjectionTestExecutionListener@231f98ef, org.springframework.test.context.support.DirtiesContextTestExecutionListener@7c137fd5, org.springframework.test.context.transaction.TransactionalTestExecutionListener@183ec003, org.springframework.test.context.jdbc.SqlScriptsTestExecutionListener@7d9d0818, org.springframework.test.context.event.EventPublishingTestExecutionListener@221a3fa4, org.springframework.boot.test.mock.mockito.ResetMocksTestExecutionListener@451001e5, org.springframework.boot.test.autoconfigure.restdocs.RestDocsTestExecutionListener@2b40ff9c, org.springframework.boot.test.autoconfigure.web.client.MockRestServiceServerResetTestExecutionListener@3e08ff24, org.springframework.boot.test.autoconfigure.web.servlet.MockMvcPrintOnlyOnFailureTestExecutionListener@4d1c005e, org.springframework.boot.test.autoconfigure.web.servlet.WebDriverTestExecutionListener@8462f31, org.springframework.boot.test.autoconfigure.webservices.client.MockWebServiceServerTestExecutionListener@24569dba]
11:14:44.030 [main] DEBUG org.springframework.test.annotation.ProfileValueUtils - Retrieved @ProfileValueSourceConfiguration [null] for test class [com.heima.schedule.RedisTest]
11:14:44.031 [main] DEBUG org.springframework.test.annotation.ProfileValueUtils - Retrieved ProfileValueSource type [class org.springframework.test.annotation.SystemProfileValueSource] for class [com.heima.schedule.RedisTest]
11:14:44.050 [main] DEBUG org.springframework.test.context.junit4.SpringJUnit4ClassRunner - SpringJUnit4ClassRunner constructor called with [class com.heima.schedule.RedisTest]
11:14:44.050 [main] DEBUG org.springframework.test.context.BootstrapUtils - Instantiating CacheAwareContextLoaderDelegate from class [org.springframework.test.context.cache.DefaultCacheAwareContextLoaderDelegate]
11:14:44.050 [main] DEBUG org.springframework.test.context.BootstrapUtils - Instantiating BootstrapContext using constructor [public org.springframework.test.context.support.DefaultBootstrapContext(java.lang.Class,org.springframework.test.context.CacheAwareContextLoaderDelegate)]
11:14:44.051 [main] DEBUG org.springframework.test.context.BootstrapUtils - Instantiating TestContextBootstrapper for test class [com.heima.schedule.RedisTest] from class [org.springframework.boot.test.context.SpringBootTestContextBootstrapper]
11:14:44.051 [main] INFO org.springframework.boot.test.context.SpringBootTestContextBootstrapper - Neither @ContextConfiguration nor @ContextHierarchy found for test class [com.heima.schedule.RedisTest], using SpringBootContextLoader
11:14:44.052 [main] DEBUG org.springframework.test.context.support.AbstractContextLoader - Did not detect default resource location for test class [com.heima.schedule.RedisTest]: class path resource [com/heima/schedule/RedisTest-context.xml] does not exist
11:14:44.052 [main] DEBUG org.springframework.test.context.support.AbstractContextLoader - Did not detect default resource location for test class [com.heima.schedule.RedisTest]: class path resource [com/heima/schedule/RedisTestContext.groovy] does not exist
11:14:44.052 [main] INFO org.springframework.test.context.support.AbstractContextLoader - Could not detect default resource locations for test class [com.heima.schedule.RedisTest]: no resource found for suffixes {-context.xml, Context.groovy}.
11:14:44.053 [main] DEBUG org.springframework.test.context.support.ActiveProfilesUtils - Could not find an 'annotation declaring class' for annotation type [org.springframework.test.context.ActiveProfiles] and class [com.heima.schedule.RedisTest]
11:14:44.054 [main] DEBUG org.springframework.boot.test.context.SpringBootTestContextBootstrapper - @TestExecutionListeners is not present for class [com.heima.schedule.RedisTest]: using defaults.
11:14:44.055 [main] INFO org.springframework.boot.test.context.SpringBootTestContextBootstrapper - Loaded default TestExecutionListener class names from location [META-INF/spring.factories]: [org.springframework.boot.test.mock.mockito.MockitoTestExecutionListener, org.springframework.boot.test.mock.mockito.ResetMocksTestExecutionListener, org.springframework.boot.test.autoconfigure.restdocs.RestDocsTestExecutionListener, org.springframework.boot.test.autoconfigure.web.client.MockRestServiceServerResetTestExecutionListener, org.springframework.boot.test.autoconfigure.web.servlet.MockMvcPrintOnlyOnFailureTestExecutionListener, org.springframework.boot.test.autoconfigure.web.servlet.WebDriverTestExecutionListener, org.springframework.boot.test.autoconfigure.webservices.client.MockWebServiceServerTestExecutionListener, org.springframework.test.context.web.ServletTestExecutionListener, org.springframework.test.context.support.DirtiesContextBeforeModesTestExecutionListener, org.springframework.test.context.support.DependencyInjectionTestExecutionListener, org.springframework.test.context.support.DirtiesContextTestExecutionListener, org.springframework.test.context.transaction.TransactionalTestExecutionListener, org.springframework.test.context.jdbc.SqlScriptsTestExecutionListener, org.springframework.test.context.event.EventPublishingTestExecutionListener]
11:14:44.055 [main] INFO org.springframework.boot.test.context.SpringBootTestContextBootstrapper - Using TestExecutionListeners: [org.springframework.test.context.web.ServletTestExecutionListener@6f43c82, org.springframework.test.context.support.DirtiesContextBeforeModesTestExecutionListener@5db6b9cd, org.springframework.boot.test.mock.mockito.MockitoTestExecutionListener@210ab13f, org.springframework.boot.test.autoconfigure.SpringBootDependencyInjectionTestExecutionListener@20b2475a, org.springframework.test.context.support.DirtiesContextTestExecutionListener@7857fe2, org.springframework.test.context.transaction.TransactionalTestExecutionListener@6f15d60e, org.springframework.test.context.jdbc.SqlScriptsTestExecutionListener@1be2019a, org.springframework.test.context.event.EventPublishingTestExecutionListener@29d80d2b, org.springframework.boot.test.mock.mockito.ResetMocksTestExecutionListener@58e1d9d, org.springframework.boot.test.autoconfigure.restdocs.RestDocsTestExecutionListener@446a1e84, org.springframework.boot.test.autoconfigure.web.client.MockRestServiceServerResetTestExecutionListener@4f0f2942, org.springframework.boot.test.autoconfigure.web.servlet.MockMvcPrintOnlyOnFailureTestExecutionListener@2657d4dd, org.springframework.boot.test.autoconfigure.web.servlet.WebDriverTestExecutionListener@5340477f, org.springframework.boot.test.autoconfigure.webservices.client.MockWebServiceServerTestExecutionListener@47caedad]
11:14:44.055 [main] DEBUG org.springframework.test.annotation.ProfileValueUtils - Retrieved @ProfileValueSourceConfiguration [null] for test class [com.heima.schedule.RedisTest]
11:14:44.055 [main] DEBUG org.springframework.test.annotation.ProfileValueUtils - Retrieved ProfileValueSource type [class org.springframework.test.annotation.SystemProfileValueSource] for class [com.heima.schedule.RedisTest]
11:14:44.097 [main] DEBUG org.springframework.test.annotation.ProfileValueUtils - Retrieved @ProfileValueSourceConfiguration [null] for test class [com.heima.schedule.RedisTest]
11:14:44.097 [main] DEBUG org.springframework.test.annotation.ProfileValueUtils - Retrieved ProfileValueSource type [class org.springframework.test.annotation.SystemProfileValueSource] for class [com.heima.schedule.RedisTest]
11:14:44.099 [main] DEBUG org.springframework.test.annotation.ProfileValueUtils - Retrieved @ProfileValueSourceConfiguration [null] for test class [com.heima.schedule.RedisTest]
11:14:44.099 [main] DEBUG org.springframework.test.annotation.ProfileValueUtils - Retrieved ProfileValueSource type [class org.springframework.test.annotation.SystemProfileValueSource] for class [com.heima.schedule.RedisTest]
11:14:44.100 [main] DEBUG org.springframework.test.annotation.ProfileValueUtils - Retrieved @ProfileValueSourceConfiguration [null] for test class [com.heima.schedule.RedisTest]
11:14:44.100 [main] DEBUG org.springframework.test.annotation.ProfileValueUtils - Retrieved ProfileValueSource type [class org.springframework.test.annotation.SystemProfileValueSource] for class [com.heima.schedule.RedisTest]
11:14:44.103 [main] DEBUG org.springframework.test.context.support.AbstractDirtiesContextTestExecutionListener - Before test class: context [DefaultTestContext@6aa8e115 testClass = RedisTest, testInstance = [null], testMethod = [null], testException = [null], mergedContextConfiguration = [WebMergedContextConfiguration@5e21e98f testClass = RedisTest, locations = '{}', classes = '{class com.heima.schedule.ScheduleApplication}', contextInitializerClasses = '[]', activeProfiles = '{}', propertySourceLocations = '{}', propertySourceProperties = '{org.springframework.boot.test.context.SpringBootTestContextBootstrapper=true}', contextCustomizers = set[org.springframework.boot.test.context.filter.ExcludeFilterContextCustomizer@2e005c4b, org.springframework.boot.test.json.DuplicateJsonObjectContextCustomizerFactory$DuplicateJsonObjectContextCustomizer@6356695f, org.springframework.boot.test.mock.mockito.MockitoContextCustomizer@0, org.springframework.boot.test.web.client.TestRestTemplateContextCustomizer@5c5eefef, org.springframework.boot.test.autoconfigure.properties.PropertyMappingContextCustomizer@0, org.springframework.boot.test.autoconfigure.web.servlet.WebDriverContextCustomizerFactory$Customizer@c8c12ac, org.springframework.boot.test.context.SpringBootTestArgs@1, org.springframework.boot.test.context.SpringBootTestWebEnvironment@79b06cab], resourceBasePath = 'src/main/webapp', contextLoader = 'org.springframework.boot.test.context.SpringBootContextLoader', parent = [null]], attributes = map['org.springframework.test.context.web.ServletTestExecutionListener.activateListener' -> true]], class annotated with @DirtiesContext [false] with mode [null].
11:14:44.104 [main] DEBUG org.springframework.test.annotation.ProfileValueUtils - Retrieved @ProfileValueSourceConfiguration [null] for test class [com.heima.schedule.RedisTest]
11:14:44.104 [main] DEBUG org.springframework.test.annotation.ProfileValueUtils - Retrieved ProfileValueSource type [class org.springframework.test.annotation.SystemProfileValueSource] for class [com.heima.schedule.RedisTest]
11:14:44.125 [main] DEBUG org.springframework.test.context.support.TestPropertySourceUtils - Adding inlined properties to environment: {spring.jmx.enabled=false, org.springframework.boot.test.context.SpringBootTestContextBootstrapper=true}

  .   ____          _            __ _ _
 /\\ / ___'_ __ _ _(_)_ __  __ _ \ \ \ \
( ( )\___ | '_ | '_| | '_ \/ _` | \ \ \ \
 \\/  ___)| |_)| | | | | || (_| |  ) ) ) )
  '  |____| .__|_| |_|_| |_\__, | / / / /
 =========|_|==============|___/=/_/_/_/
 :: Spring Boot ::        (v2.3.9.RELEASE)

2023-08-09 11:14:47.535  INFO 3980 --- [           main] c.a.n.c.c.impl.LocalConfigInfoProcessor  : LOCAL_SNAPSHOT_PATH:C:\Users\16090\nacos\config
2023-08-09 11:14:48.550  INFO 3980 --- [           main] c.a.nacos.client.config.impl.Limiter     : limitTime:5.0
2023-08-09 11:14:48.579  INFO 3980 --- [           main] c.a.nacos.client.config.utils.JvmUtil    : isMultiInstance:false
2023-08-09 11:14:48.586 ERROR 3980 --- [           main] c.a.c.n.c.NacosPropertySourceBuilder     : parse data from Nacos error,dataId:leadnews-schedule,data:spring:
  redis:
    host: 192.168.200.130
    password: leadnews
    port: 6379
  datasource:
    driver-class-name: com.mysql.jdbc.Driver
    url: jdbc:mysql://localhost:3306/leadnews_schedule?useUnicode=true&characterEncoding=UTF-8&serverTimezone=UTC
    username: root
    password: YYH19981108
# 设置Mapper接口所对应的XML文件位置，如果你在Mapper接口中有自定义方法，需要进行该配置
mybatis-plus:
  mapper-locations: classpath*:mapper/*.xml
  # 设置别名包扫描路径，通过该属性可以给包中的类注册别名
  type-aliases-package: com.heima.model.schedule.pojos

org.yaml.snakeyaml.error.YAMLException: java.nio.charset.MalformedInputException: Input length = 1
	at org.yaml.snakeyaml.reader.StreamReader.update(StreamReader.java:218) ~[snakeyaml-1.26.jar:na]
	at org.yaml.snakeyaml.reader.StreamReader.ensureEnoughData(StreamReader.java:176) ~[snakeyaml-1.26.jar:na]
	at org.yaml.snakeyaml.reader.StreamReader.ensureEnoughData(StreamReader.java:171) ~[snakeyaml-1.26.jar:na]
	at org.yaml.snakeyaml.reader.StreamReader.peek(StreamReader.java:126) ~[snakeyaml-1.26.jar:na]
	at org.yaml.snakeyaml.scanner.ScannerImpl.scanToNextToken(ScannerImpl.java:1177) ~[snakeyaml-1.26.jar:na]
	at org.yaml.snakeyaml.scanner.ScannerImpl.fetchMoreTokens(ScannerImpl.java:287) ~[snakeyaml-1.26.jar:na]
	at org.yaml.snakeyaml.scanner.ScannerImpl.checkToken(ScannerImpl.java:227) ~[snakeyaml-1.26.jar:na]
	at org.yaml.snakeyaml.parser.ParserImpl$ParseImplicitDocumentStart.produce(ParserImpl.java:195) ~[snakeyaml-1.26.jar:na]
	at org.yaml.snakeyaml.parser.ParserImpl.peekEvent(ParserImpl.java:158) ~[snakeyaml-1.26.jar:na]
	at org.yaml.snakeyaml.parser.ParserImpl.checkEvent(ParserImpl.java:148) ~[snakeyaml-1.26.jar:na]
	at org.yaml.snakeyaml.composer.Composer.checkNode(Composer.java:82) ~[snakeyaml-1.26.jar:na]
	at org.yaml.snakeyaml.constructor.BaseConstructor.checkData(BaseConstructor.java:123) ~[snakeyaml-1.26.jar:na]
	at org.yaml.snakeyaml.Yaml$1.hasNext(Yaml.java:489) ~[snakeyaml-1.26.jar:na]
	at org.springframework.beans.factory.config.YamlProcessor.process(YamlProcessor.java:200) ~[spring-beans-5.2.13.RELEASE.jar:5.2.13.RELEASE]
	at org.springframework.beans.factory.config.YamlProcessor.process(YamlProcessor.java:164) ~[spring-beans-5.2.13.RELEASE.jar:5.2.13.RELEASE]
	at org.springframework.boot.env.OriginTrackedYamlLoader.load(OriginTrackedYamlLoader.java:82) ~[spring-boot-2.3.9.RELEASE.jar:2.3.9.RELEASE]
	at org.springframework.boot.env.YamlPropertySourceLoader.load(YamlPropertySourceLoader.java:50) ~[spring-boot-2.3.9.RELEASE.jar:2.3.9.RELEASE]
	at com.alibaba.cloud.nacos.parser.NacosDataParserHandler.parseNacosData(NacosDataParserHandler.java:92) ~[spring-cloud-starter-alibaba-nacos-config-2.2.5.RELEASE.jar:2.2.5.RELEASE]
	at com.alibaba.cloud.nacos.client.NacosPropertySourceBuilder.loadNacosData(NacosPropertySourceBuilder.java:97) [spring-cloud-starter-alibaba-nacos-config-2.2.5.RELEASE.jar:2.2.5.RELEASE]
	at com.alibaba.cloud.nacos.client.NacosPropertySourceBuilder.build(NacosPropertySourceBuilder.java:73) [spring-cloud-starter-alibaba-nacos-config-2.2.5.RELEASE.jar:2.2.5.RELEASE]
	at com.alibaba.cloud.nacos.client.NacosPropertySourceLocator.loadNacosPropertySource(NacosPropertySourceLocator.java:199) [spring-cloud-starter-alibaba-nacos-config-2.2.5.RELEASE.jar:2.2.5.RELEASE]
	at com.alibaba.cloud.nacos.client.NacosPropertySourceLocator.loadNacosDataIfPresent(NacosPropertySourceLocator.java:186) [spring-cloud-starter-alibaba-nacos-config-2.2.5.RELEASE.jar:2.2.5.RELEASE]
	at com.alibaba.cloud.nacos.client.NacosPropertySourceLocator.loadApplicationConfiguration(NacosPropertySourceLocator.java:141) [spring-cloud-starter-alibaba-nacos-config-2.2.5.RELEASE.jar:2.2.5.RELEASE]
	at com.alibaba.cloud.nacos.client.NacosPropertySourceLocator.locate(NacosPropertySourceLocator.java:103) [spring-cloud-starter-alibaba-nacos-config-2.2.5.RELEASE.jar:2.2.5.RELEASE]
	at org.springframework.cloud.bootstrap.config.PropertySourceLocator.locateCollection(PropertySourceLocator.java:52) [spring-cloud-context-2.2.7.RELEASE.jar:2.2.7.RELEASE]
	at org.springframework.cloud.bootstrap.config.PropertySourceLocator.locateCollection(PropertySourceLocator.java:47) [spring-cloud-context-2.2.7.RELEASE.jar:2.2.7.RELEASE]
	at org.springframework.cloud.bootstrap.config.PropertySourceBootstrapConfiguration.initialize(PropertySourceBootstrapConfiguration.java:98) [spring-cloud-context-2.2.7.RELEASE.jar:2.2.7.RELEASE]
	at org.springframework.boot.SpringApplication.applyInitializers(SpringApplication.java:626) [spring-boot-2.3.9.RELEASE.jar:2.3.9.RELEASE]
	at org.springframework.boot.SpringApplication.prepareContext(SpringApplication.java:370) [spring-boot-2.3.9.RELEASE.jar:2.3.9.RELEASE]
	at org.springframework.boot.SpringApplication.run(SpringApplication.java:314) [spring-boot-2.3.9.RELEASE.jar:2.3.9.RELEASE]
	at org.springframework.boot.test.context.SpringBootContextLoader.loadContext(SpringBootContextLoader.java:120) [spring-boot-test-2.3.9.RELEASE.jar:2.3.9.RELEASE]
	at org.springframework.test.context.cache.DefaultCacheAwareContextLoaderDelegate.loadContextInternal(DefaultCacheAwareContextLoaderDelegate.java:99) [spring-test-5.2.13.RELEASE.jar:5.2.13.RELEASE]
	at org.springframework.test.context.cache.DefaultCacheAwareContextLoaderDelegate.loadContext(DefaultCacheAwareContextLoaderDelegate.java:124) [spring-test-5.2.13.RELEASE.jar:5.2.13.RELEASE]
	at org.springframework.test.context.support.DefaultTestContext.getApplicationContext(DefaultTestContext.java:123) [spring-test-5.2.13.RELEASE.jar:5.2.13.RELEASE]
	at org.springframework.test.context.web.ServletTestExecutionListener.setUpRequestContextIfNecessary(ServletTestExecutionListener.java:190) [spring-test-5.2.13.RELEASE.jar:5.2.13.RELEASE]
	at org.springframework.test.context.web.ServletTestExecutionListener.prepareTestInstance(ServletTestExecutionListener.java:132) [spring-test-5.2.13.RELEASE.jar:5.2.13.RELEASE]
	at org.springframework.test.context.TestContextManager.prepareTestInstance(TestContextManager.java:244) [spring-test-5.2.13.RELEASE.jar:5.2.13.RELEASE]
	at org.springframework.test.context.junit4.SpringJUnit4ClassRunner.createTest(SpringJUnit4ClassRunner.java:227) [spring-test-5.2.13.RELEASE.jar:5.2.13.RELEASE]
	at org.springframework.test.context.junit4.SpringJUnit4ClassRunner$1.runReflectiveCall(SpringJUnit4ClassRunner.java:289) [spring-test-5.2.13.RELEASE.jar:5.2.13.RELEASE]
	at org.junit.internal.runners.model.ReflectiveCallable.run(ReflectiveCallable.java:12) [junit-4.12.jar:4.12]
	at org.springframework.test.context.junit4.SpringJUnit4ClassRunner.methodBlock(SpringJUnit4ClassRunner.java:291) [spring-test-5.2.13.RELEASE.jar:5.2.13.RELEASE]
	at org.springframework.test.context.junit4.SpringJUnit4ClassRunner.runChild(SpringJUnit4ClassRunner.java:246) [spring-test-5.2.13.RELEASE.jar:5.2.13.RELEASE]
	at org.springframework.test.context.junit4.SpringJUnit4ClassRunner.runChild(SpringJUnit4ClassRunner.java:97) [spring-test-5.2.13.RELEASE.jar:5.2.13.RELEASE]
	at org.junit.runners.ParentRunner$3.run(ParentRunner.java:290) [junit-4.12.jar:4.12]
	at org.junit.runners.ParentRunner$1.schedule(ParentRunner.java:71) [junit-4.12.jar:4.12]
	at org.junit.runners.ParentRunner.runChildren(ParentRunner.java:288) [junit-4.12.jar:4.12]
	at org.junit.runners.ParentRunner.access$000(ParentRunner.java:58) [junit-4.12.jar:4.12]
	at org.junit.runners.ParentRunner$2.evaluate(ParentRunner.java:268) [junit-4.12.jar:4.12]
	at org.springframework.test.context.junit4.statements.RunBeforeTestClassCallbacks.evaluate(RunBeforeTestClassCallbacks.java:61) [spring-test-5.2.13.RELEASE.jar:5.2.13.RELEASE]
	at org.springframework.test.context.junit4.statements.RunAfterTestClassCallbacks.evaluate(RunAfterTestClassCallbacks.java:70) [spring-test-5.2.13.RELEASE.jar:5.2.13.RELEASE]
	at org.junit.runners.ParentRunner.run(ParentRunner.java:363) [junit-4.12.jar:4.12]
	at org.springframework.test.context.junit4.SpringJUnit4ClassRunner.run(SpringJUnit4ClassRunner.java:190) [spring-test-5.2.13.RELEASE.jar:5.2.13.RELEASE]
	at org.junit.runner.JUnitCore.run(JUnitCore.java:137) [junit-4.12.jar:4.12]
	at org.junit.runner.JUnitCore.run(JUnitCore.java:115) [junit-4.12.jar:4.12]
	at org.junit.vintage.engine.execution.RunnerExecutor.execute(RunnerExecutor.java:43) [junit-vintage-engine-5.6.3.jar:5.6.3]
	at java.util.stream.ForEachOps$ForEachOp$OfRef.accept(ForEachOps.java:184) ~[na:1.8.0_321]
	at java.util.stream.ReferencePipeline$3$1.accept(ReferencePipeline.java:193) ~[na:1.8.0_321]
	at java.util.Iterator.forEachRemaining(Iterator.java:116) ~[na:1.8.0_321]
	at java.util.Spliterators$IteratorSpliterator.forEachRemaining(Spliterators.java:1801) ~[na:1.8.0_321]
	at java.util.stream.AbstractPipeline.copyInto(AbstractPipeline.java:482) ~[na:1.8.0_321]
	at java.util.stream.AbstractPipeline.wrapAndCopyInto(AbstractPipeline.java:472) ~[na:1.8.0_321]
	at java.util.stream.ForEachOps$ForEachOp.evaluateSequential(ForEachOps.java:151) ~[na:1.8.0_321]
	at java.util.stream.ForEachOps$ForEachOp$OfRef.evaluateSequential(ForEachOps.java:174) ~[na:1.8.0_321]
	at java.util.stream.AbstractPipeline.evaluate(AbstractPipeline.java:234) ~[na:1.8.0_321]
	at java.util.stream.ReferencePipeline.forEach(ReferencePipeline.java:418) ~[na:1.8.0_321]
	at org.junit.vintage.engine.VintageTestEngine.executeAllChildren(VintageTestEngine.java:82) ~[junit-vintage-engine-5.6.3.jar:5.6.3]
	at org.junit.vintage.engine.VintageTestEngine.execute(VintageTestEngine.java:73) ~[junit-vintage-engine-5.6.3.jar:5.6.3]
	at org.junit.platform.launcher.core.DefaultLauncher.execute(DefaultLauncher.java:220) ~[junit-platform-launcher-1.3.1.jar:1.3.1]
	at org.junit.platform.launcher.core.DefaultLauncher.lambda$execute$6(DefaultLauncher.java:188) ~[junit-platform-launcher-1.3.1.jar:1.3.1]
	at org.junit.platform.launcher.core.DefaultLauncher.withInterceptedStreams(DefaultLauncher.java:202) ~[junit-platform-launcher-1.3.1.jar:1.3.1]
	at org.junit.platform.launcher.core.DefaultLauncher.execute(DefaultLauncher.java:181) ~[junit-platform-launcher-1.3.1.jar:1.3.1]
	at org.junit.platform.launcher.core.DefaultLauncher.execute(DefaultLauncher.java:128) ~[junit-platform-launcher-1.3.1.jar:1.3.1]
	at org.apache.maven.surefire.junitplatform.JUnitPlatformProvider.invokeAllTests(JUnitPlatformProvider.java:150) ~[surefire-junit-platform-2.22.2.jar:2.22.2]
	at org.apache.maven.surefire.junitplatform.JUnitPlatformProvider.invoke(JUnitPlatformProvider.java:124) ~[surefire-junit-platform-2.22.2.jar:2.22.2]
	at org.apache.maven.surefire.booter.ForkedBooter.invokeProviderInSameClassLoader(ForkedBooter.java:384) ~[surefire-booter-2.22.2.jar:2.22.2]
	at org.apache.maven.surefire.booter.ForkedBooter.runSuitesInProcess(ForkedBooter.java:345) ~[surefire-booter-2.22.2.jar:2.22.2]
	at org.apache.maven.surefire.booter.ForkedBooter.execute(ForkedBooter.java:126) ~[surefire-booter-2.22.2.jar:2.22.2]
	at org.apache.maven.surefire.booter.ForkedBooter.main(ForkedBooter.java:418) ~[surefire-booter-2.22.2.jar:2.22.2]
Caused by: java.nio.charset.MalformedInputException: Input length = 1
	at java.nio.charset.CoderResult.throwException(CoderResult.java:281) ~[na:1.8.0_321]
	at sun.nio.cs.StreamDecoder.implRead(StreamDecoder.java:339) ~[na:1.8.0_321]
	at sun.nio.cs.StreamDecoder.read(StreamDecoder.java:178) ~[na:1.8.0_321]
	at java.io.InputStreamReader.read(InputStreamReader.java:184) ~[na:1.8.0_321]
	at org.yaml.snakeyaml.reader.UnicodeReader.read(UnicodeReader.java:125) ~[snakeyaml-1.26.jar:na]
	at org.yaml.snakeyaml.reader.StreamReader.update(StreamReader.java:183) ~[snakeyaml-1.26.jar:na]
	... 77 common frames omitted

2023-08-09 11:14:48.596  WARN 3980 --- [           main] c.a.c.n.c.NacosPropertySourceBuilder     : Ignore the empty nacos configuration and get it based on dataId[leadnews-schedule.yml] & group[DEFAULT_GROUP]
2023-08-09 11:14:48.597  INFO 3980 --- [           main] b.c.PropertySourceBootstrapConfiguration : Located property source: [BootstrapPropertySource {name='bootstrapProperties-leadnews-schedule.yml,DEFAULT_GROUP'}, BootstrapPropertySource {name='bootstrapProperties-leadnews-schedule,DEFAULT_GROUP'}]
2023-08-09 11:14:48.605  INFO 3980 --- [           main] com.heima.schedule.RedisTest             : No active profile set, falling back to default profiles: default
2023-08-09 11:14:49.267  WARN 3980 --- [           main] o.m.s.mapper.ClassPathMapperScanner      : No MyBatis mapper was found in '[com.heima.schedule.mapper]' package. Please check your configuration.
2023-08-09 11:14:49.594  INFO 3980 --- [           main] .s.d.r.c.RepositoryConfigurationDelegate : Multiple Spring Data modules found, entering strict repository configuration mode!
2023-08-09 11:14:49.596  INFO 3980 --- [           main] .s.d.r.c.RepositoryConfigurationDelegate : Bootstrapping Spring Data Redis repositories in DEFAULT mode.
2023-08-09 11:14:49.611  INFO 3980 --- [           main] .s.d.r.c.RepositoryConfigurationDelegate : Finished Spring Data repository scanning in 4ms. Found 0 Redis repository interfaces.
2023-08-09 11:14:49.674  WARN 3980 --- [           main] o.s.boot.actuate.endpoint.EndpointId     : Endpoint ID 'service-registry' contains invalid characters, please migrate to a valid format.
2023-08-09 11:14:49.743  WARN 3980 --- [           main] o.m.s.mapper.ClassPathMapperScanner      : No MyBatis mapper was found in '[com.heima.schedule]' package. Please check your configuration.
2023-08-09 11:14:49.860  INFO 3980 --- [           main] o.s.cloud.context.scope.GenericScope     : BeanFactory id=5108ac66-a3f6-3bf9-a8f9-ad8fb6d41717
2023-08-09 11:14:52.404  INFO 3980 --- [           main] com.alibaba.nacos.client.naming          : initializer namespace from System Property :null
2023-08-09 11:14:52.404  INFO 3980 --- [           main] com.alibaba.nacos.client.naming          : initializer namespace from System Environment :null
2023-08-09 11:14:52.405  INFO 3980 --- [           main] com.alibaba.nacos.client.naming          : initializer namespace from System Property :null
2023-08-09 11:14:52.451  WARN 3980 --- [           main] o.s.w.c.s.GenericWebApplicationContext   : Exception encountered during context initialization - cancelling refresh attempt: org.springframework.beans.factory.UnsatisfiedDependencyException: Error creating bean with name 'documentationPluginsBootstrapper' defined in URL [jar:file:/D:/work_place/IDEA/respository/respository_new/io/springfox/springfox-spring-web/2.9.2/springfox-spring-web-2.9.2.jar!/springfox/documentation/spring/web/plugins/DocumentationPluginsBootstrapper.class]: Unsatisfied dependency expressed through constructor parameter 1; nested exception is org.springframework.beans.factory.UnsatisfiedDependencyException: Error creating bean with name 'webMvcRequestHandlerProvider' defined in URL [jar:file:/D:/work_place/IDEA/respository/respository_new/io/springfox/springfox-spring-web/2.9.2/springfox-spring-web-2.9.2.jar!/springfox/documentation/spring/web/plugins/WebMvcRequestHandlerProvider.class]: Unsatisfied dependency expressed through constructor parameter 1; nested exception is org.springframework.beans.factory.BeanCreationException: Error creating bean with name 'webEndpointServletHandlerMapping' defined in class path resource [org/springframework/boot/actuate/autoconfigure/endpoint/web/servlet/WebMvcEndpointManagementContextConfiguration.class]: Bean instantiation via factory method failed; nested exception is org.springframework.beans.BeanInstantiationException: Failed to instantiate [org.springframework.boot.actuate.endpoint.web.servlet.WebMvcEndpointHandlerMapping]: Factory method 'webEndpointServletHandlerMapping' threw exception; nested exception is org.springframework.beans.factory.UnsatisfiedDependencyException: Error creating bean with name 'healthEndpoint' defined in class path resource [org/springframework/boot/actuate/autoconfigure/health/HealthEndpointConfiguration.class]: Unsatisfied dependency expressed through method 'healthEndpoint' parameter 0; nested exception is org.springframework.beans.factory.BeanCreationException: Error creating bean with name 'healthContributorRegistry' defined in class path resource [org/springframework/boot/actuate/autoconfigure/health/HealthEndpointConfiguration.class]: Bean instantiation via factory method failed; nested exception is org.springframework.beans.BeanInstantiationException: Failed to instantiate [org.springframework.boot.actuate.health.HealthContributorRegistry]: Factory method 'healthContributorRegistry' threw exception; nested exception is org.springframework.beans.factory.UnsatisfiedDependencyException: Error creating bean with name 'org.springframework.boot.actuate.autoconfigure.jdbc.DataSourceHealthContributorAutoConfiguration': Unsatisfied dependency expressed through constructor parameter 0; nested exception is org.springframework.beans.factory.BeanCreationException: Error creating bean with name 'dataSource' defined in class path resource [org/springframework/boot/autoconfigure/jdbc/DataSourceConfiguration$Hikari.class]: Bean instantiation via factory method failed; nested exception is org.springframework.beans.BeanInstantiationException: Failed to instantiate [com.zaxxer.hikari.HikariDataSource]: Factory method 'dataSource' threw exception; nested exception is org.springframework.boot.autoconfigure.jdbc.DataSourceProperties$DataSourceBeanCreationException: Failed to determine a suitable driver class
2023-08-09 11:14:52.467  INFO 3980 --- [           main] ConditionEvaluationReportLoggingListener : 

Error starting ApplicationContext. To display the conditions report re-run your application with 'debug' enabled.
2023-08-09 11:14:52.469 ERROR 3980 --- [           main] o.s.b.d.LoggingFailureAnalysisReporter   : 

***************************
APPLICATION FAILED TO START
***************************

Description:

Failed to configure a DataSource: 'url' attribute is not specified and no embedded datasource could be configured.

Reason: Failed to determine a suitable driver class


Action:

Consider the following:
	If you want an embedded database (H2, HSQL or Derby), please put it on the classpath.
	If you have database settings to be loaded from a particular profile you may need to activate it (no profiles are currently active).

2023-08-09 11:14:52.473 ERROR 3980 --- [           main] o.s.test.context.TestContextManager      : Caught exception while allowing TestExecutionListener [org.springframework.test.context.web.ServletTestExecutionListener@6f43c82] to prepare test instance [com.heima.schedule.RedisTest@68e47e7]

java.lang.IllegalStateException: Failed to load ApplicationContext
	at org.springframework.test.context.cache.DefaultCacheAwareContextLoaderDelegate.loadContext(DefaultCacheAwareContextLoaderDelegate.java:132) ~[spring-test-5.2.13.RELEASE.jar:5.2.13.RELEASE]
	at org.springframework.test.context.support.DefaultTestContext.getApplicationContext(DefaultTestContext.java:123) ~[spring-test-5.2.13.RELEASE.jar:5.2.13.RELEASE]
	at org.springframework.test.context.web.ServletTestExecutionListener.setUpRequestContextIfNecessary(ServletTestExecutionListener.java:190) ~[spring-test-5.2.13.RELEASE.jar:5.2.13.RELEASE]
	at org.springframework.test.context.web.ServletTestExecutionListener.prepareTestInstance(ServletTestExecutionListener.java:132) ~[spring-test-5.2.13.RELEASE.jar:5.2.13.RELEASE]
	at org.springframework.test.context.TestContextManager.prepareTestInstance(TestContextManager.java:244) ~[spring-test-5.2.13.RELEASE.jar:5.2.13.RELEASE]
	at org.springframework.test.context.junit4.SpringJUnit4ClassRunner.createTest(SpringJUnit4ClassRunner.java:227) [spring-test-5.2.13.RELEASE.jar:5.2.13.RELEASE]
	at org.springframework.test.context.junit4.SpringJUnit4ClassRunner$1.runReflectiveCall(SpringJUnit4ClassRunner.java:289) [spring-test-5.2.13.RELEASE.jar:5.2.13.RELEASE]
	at org.junit.internal.runners.model.ReflectiveCallable.run(ReflectiveCallable.java:12) [junit-4.12.jar:4.12]
	at org.springframework.test.context.junit4.SpringJUnit4ClassRunner.methodBlock(SpringJUnit4ClassRunner.java:291) [spring-test-5.2.13.RELEASE.jar:5.2.13.RELEASE]
	at org.springframework.test.context.junit4.SpringJUnit4ClassRunner.runChild(SpringJUnit4ClassRunner.java:246) [spring-test-5.2.13.RELEASE.jar:5.2.13.RELEASE]
	at org.springframework.test.context.junit4.SpringJUnit4ClassRunner.runChild(SpringJUnit4ClassRunner.java:97) [spring-test-5.2.13.RELEASE.jar:5.2.13.RELEASE]
	at org.junit.runners.ParentRunner$3.run(ParentRunner.java:290) [junit-4.12.jar:4.12]
	at org.junit.runners.ParentRunner$1.schedule(ParentRunner.java:71) [junit-4.12.jar:4.12]
	at org.junit.runners.ParentRunner.runChildren(ParentRunner.java:288) [junit-4.12.jar:4.12]
	at org.junit.runners.ParentRunner.access$000(ParentRunner.java:58) [junit-4.12.jar:4.12]
	at org.junit.runners.ParentRunner$2.evaluate(ParentRunner.java:268) [junit-4.12.jar:4.12]
	at org.springframework.test.context.junit4.statements.RunBeforeTestClassCallbacks.evaluate(RunBeforeTestClassCallbacks.java:61) [spring-test-5.2.13.RELEASE.jar:5.2.13.RELEASE]
	at org.springframework.test.context.junit4.statements.RunAfterTestClassCallbacks.evaluate(RunAfterTestClassCallbacks.java:70) [spring-test-5.2.13.RELEASE.jar:5.2.13.RELEASE]
	at org.junit.runners.ParentRunner.run(ParentRunner.java:363) [junit-4.12.jar:4.12]
	at org.springframework.test.context.junit4.SpringJUnit4ClassRunner.run(SpringJUnit4ClassRunner.java:190) [spring-test-5.2.13.RELEASE.jar:5.2.13.RELEASE]
	at org.junit.runner.JUnitCore.run(JUnitCore.java:137) [junit-4.12.jar:4.12]
	at org.junit.runner.JUnitCore.run(JUnitCore.java:115) [junit-4.12.jar:4.12]
	at org.junit.vintage.engine.execution.RunnerExecutor.execute(RunnerExecutor.java:43) [junit-vintage-engine-5.6.3.jar:5.6.3]
	at java.util.stream.ForEachOps$ForEachOp$OfRef.accept(ForEachOps.java:184) ~[na:1.8.0_321]
	at java.util.stream.ReferencePipeline$3$1.accept(ReferencePipeline.java:193) ~[na:1.8.0_321]
	at java.util.Iterator.forEachRemaining(Iterator.java:116) ~[na:1.8.0_321]
	at java.util.Spliterators$IteratorSpliterator.forEachRemaining(Spliterators.java:1801) ~[na:1.8.0_321]
	at java.util.stream.AbstractPipeline.copyInto(AbstractPipeline.java:482) ~[na:1.8.0_321]
	at java.util.stream.AbstractPipeline.wrapAndCopyInto(AbstractPipeline.java:472) ~[na:1.8.0_321]
	at java.util.stream.ForEachOps$ForEachOp.evaluateSequential(ForEachOps.java:151) ~[na:1.8.0_321]
	at java.util.stream.ForEachOps$ForEachOp$OfRef.evaluateSequential(ForEachOps.java:174) ~[na:1.8.0_321]
	at java.util.stream.AbstractPipeline.evaluate(AbstractPipeline.java:234) ~[na:1.8.0_321]
	at java.util.stream.ReferencePipeline.forEach(ReferencePipeline.java:418) ~[na:1.8.0_321]
	at org.junit.vintage.engine.VintageTestEngine.executeAllChildren(VintageTestEngine.java:82) ~[junit-vintage-engine-5.6.3.jar:5.6.3]
	at org.junit.vintage.engine.VintageTestEngine.execute(VintageTestEngine.java:73) ~[junit-vintage-engine-5.6.3.jar:5.6.3]
	at org.junit.platform.launcher.core.DefaultLauncher.execute(DefaultLauncher.java:220) ~[junit-platform-launcher-1.3.1.jar:1.3.1]
	at org.junit.platform.launcher.core.DefaultLauncher.lambda$execute$6(DefaultLauncher.java:188) ~[junit-platform-launcher-1.3.1.jar:1.3.1]
	at org.junit.platform.launcher.core.DefaultLauncher.withInterceptedStreams(DefaultLauncher.java:202) ~[junit-platform-launcher-1.3.1.jar:1.3.1]
	at org.junit.platform.launcher.core.DefaultLauncher.execute(DefaultLauncher.java:181) ~[junit-platform-launcher-1.3.1.jar:1.3.1]
	at org.junit.platform.launcher.core.DefaultLauncher.execute(DefaultLauncher.java:128) ~[junit-platform-launcher-1.3.1.jar:1.3.1]
	at org.apache.maven.surefire.junitplatform.JUnitPlatformProvider.invokeAllTests(JUnitPlatformProvider.java:150) ~[surefire-junit-platform-2.22.2.jar:2.22.2]
	at org.apache.maven.surefire.junitplatform.JUnitPlatformProvider.invoke(JUnitPlatformProvider.java:124) ~[surefire-junit-platform-2.22.2.jar:2.22.2]
	at org.apache.maven.surefire.booter.ForkedBooter.invokeProviderInSameClassLoader(ForkedBooter.java:384) ~[surefire-booter-2.22.2.jar:2.22.2]
	at org.apache.maven.surefire.booter.ForkedBooter.runSuitesInProcess(ForkedBooter.java:345) ~[surefire-booter-2.22.2.jar:2.22.2]
	at org.apache.maven.surefire.booter.ForkedBooter.execute(ForkedBooter.java:126) ~[surefire-booter-2.22.2.jar:2.22.2]
	at org.apache.maven.surefire.booter.ForkedBooter.main(ForkedBooter.java:418) ~[surefire-booter-2.22.2.jar:2.22.2]
Caused by: org.springframework.beans.factory.UnsatisfiedDependencyException: Error creating bean with name 'documentationPluginsBootstrapper' defined in URL [jar:file:/D:/work_place/IDEA/respository/respository_new/io/springfox/springfox-spring-web/2.9.2/springfox-spring-web-2.9.2.jar!/springfox/documentation/spring/web/plugins/DocumentationPluginsBootstrapper.class]: Unsatisfied dependency expressed through constructor parameter 1; nested exception is org.springframework.beans.factory.UnsatisfiedDependencyException: Error creating bean with name 'webMvcRequestHandlerProvider' defined in URL [jar:file:/D:/work_place/IDEA/respository/respository_new/io/springfox/springfox-spring-web/2.9.2/springfox-spring-web-2.9.2.jar!/springfox/documentation/spring/web/plugins/WebMvcRequestHandlerProvider.class]: Unsatisfied dependency expressed through constructor parameter 1; nested exception is org.springframework.beans.factory.BeanCreationException: Error creating bean with name 'webEndpointServletHandlerMapping' defined in class path resource [org/springframework/boot/actuate/autoconfigure/endpoint/web/servlet/WebMvcEndpointManagementContextConfiguration.class]: Bean instantiation via factory method failed; nested exception is org.springframework.beans.BeanInstantiationException: Failed to instantiate [org.springframework.boot.actuate.endpoint.web.servlet.WebMvcEndpointHandlerMapping]: Factory method 'webEndpointServletHandlerMapping' threw exception; nested exception is org.springframework.beans.factory.UnsatisfiedDependencyException: Error creating bean with name 'healthEndpoint' defined in class path resource [org/springframework/boot/actuate/autoconfigure/health/HealthEndpointConfiguration.class]: Unsatisfied dependency expressed through method 'healthEndpoint' parameter 0; nested exception is org.springframework.beans.factory.BeanCreationException: Error creating bean with name 'healthContributorRegistry' defined in class path resource [org/springframework/boot/actuate/autoconfigure/health/HealthEndpointConfiguration.class]: Bean instantiation via factory method failed; nested exception is org.springframework.beans.BeanInstantiationException: Failed to instantiate [org.springframework.boot.actuate.health.HealthContributorRegistry]: Factory method 'healthContributorRegistry' threw exception; nested exception is org.springframework.beans.factory.UnsatisfiedDependencyException: Error creating bean with name 'org.springframework.boot.actuate.autoconfigure.jdbc.DataSourceHealthContributorAutoConfiguration': Unsatisfied dependency expressed through constructor parameter 0; nested exception is org.springframework.beans.factory.BeanCreationException: Error creating bean with name 'dataSource' defined in class path resource [org/springframework/boot/autoconfigure/jdbc/DataSourceConfiguration$Hikari.class]: Bean instantiation via factory method failed; nested exception is org.springframework.beans.BeanInstantiationException: Failed to instantiate [com.zaxxer.hikari.HikariDataSource]: Factory method 'dataSource' threw exception; nested exception is org.springframework.boot.autoconfigure.jdbc.DataSourceProperties$DataSourceBeanCreationException: Failed to determine a suitable driver class
	at org.springframework.beans.factory.support.ConstructorResolver.createArgumentArray(ConstructorResolver.java:799) ~[spring-beans-5.2.13.RELEASE.jar:5.2.13.RELEASE]
	at org.springframework.beans.factory.support.ConstructorResolver.autowireConstructor(ConstructorResolver.java:228) ~[spring-beans-5.2.13.RELEASE.jar:5.2.13.RELEASE]
	at org.springframework.beans.factory.support.AbstractAutowireCapableBeanFactory.autowireConstructor(AbstractAutowireCapableBeanFactory.java:1361) ~[spring-beans-5.2.13.RELEASE.jar:5.2.13.RELEASE]
	at org.springframework.beans.factory.support.AbstractAutowireCapableBeanFactory.createBeanInstance(AbstractAutowireCapableBeanFactory.java:1208) ~[spring-beans-5.2.13.RELEASE.jar:5.2.13.RELEASE]
	at org.springframework.beans.factory.support.AbstractAutowireCapableBeanFactory.doCreateBean(AbstractAutowireCapableBeanFactory.java:556) ~[spring-beans-5.2.13.RELEASE.jar:5.2.13.RELEASE]
	at org.springframework.beans.factory.support.AbstractAutowireCapableBeanFactory.createBean(AbstractAutowireCapableBeanFactory.java:516) ~[spring-beans-5.2.13.RELEASE.jar:5.2.13.RELEASE]
	at org.springframework.beans.factory.support.AbstractBeanFactory.lambda$doGetBean$0(AbstractBeanFactory.java:324) ~[spring-beans-5.2.13.RELEASE.jar:5.2.13.RELEASE]
	at org.springframework.beans.factory.support.DefaultSingletonBeanRegistry.getSingleton(DefaultSingletonBeanRegistry.java:234) ~[spring-beans-5.2.13.RELEASE.jar:5.2.13.RELEASE]
	at org.springframework.beans.factory.support.AbstractBeanFactory.doGetBean(AbstractBeanFactory.java:322) ~[spring-beans-5.2.13.RELEASE.jar:5.2.13.RELEASE]
	at org.springframework.beans.factory.support.AbstractBeanFactory.getBean(AbstractBeanFactory.java:202) ~[spring-beans-5.2.13.RELEASE.jar:5.2.13.RELEASE]
	at org.springframework.beans.factory.support.DefaultListableBeanFactory.preInstantiateSingletons(DefaultListableBeanFactory.java:897) ~[spring-beans-5.2.13.RELEASE.jar:5.2.13.RELEASE]
	at org.springframework.context.support.AbstractApplicationContext.finishBeanFactoryInitialization(AbstractApplicationContext.java:879) ~[spring-context-5.2.13.RELEASE.jar:5.2.13.RELEASE]
	at org.springframework.context.support.AbstractApplicationContext.refresh(AbstractApplicationContext.java:551) ~[spring-context-5.2.13.RELEASE.jar:5.2.13.RELEASE]
	at org.springframework.boot.SpringApplication.refresh(SpringApplication.java:758) ~[spring-boot-2.3.9.RELEASE.jar:2.3.9.RELEASE]
	at org.springframework.boot.SpringApplication.refresh(SpringApplication.java:750) ~[spring-boot-2.3.9.RELEASE.jar:2.3.9.RELEASE]
	at org.springframework.boot.SpringApplication.refreshContext(SpringApplication.java:405) ~[spring-boot-2.3.9.RELEASE.jar:2.3.9.RELEASE]
	at org.springframework.boot.SpringApplication.run(SpringApplication.java:315) ~[spring-boot-2.3.9.RELEASE.jar:2.3.9.RELEASE]
	at org.springframework.boot.test.context.SpringBootContextLoader.loadContext(SpringBootContextLoader.java:120) ~[spring-boot-test-2.3.9.RELEASE.jar:2.3.9.RELEASE]
	at org.springframework.test.context.cache.DefaultCacheAwareContextLoaderDelegate.loadContextInternal(DefaultCacheAwareContextLoaderDelegate.java:99) ~[spring-test-5.2.13.RELEASE.jar:5.2.13.RELEASE]
	at org.springframework.test.context.cache.DefaultCacheAwareContextLoaderDelegate.loadContext(DefaultCacheAwareContextLoaderDelegate.java:124) ~[spring-test-5.2.13.RELEASE.jar:5.2.13.RELEASE]
	... 45 common frames omitted
Caused by: org.springframework.beans.factory.UnsatisfiedDependencyException: Error creating bean with name 'webMvcRequestHandlerProvider' defined in URL [jar:file:/D:/work_place/IDEA/respository/respository_new/io/springfox/springfox-spring-web/2.9.2/springfox-spring-web-2.9.2.jar!/springfox/documentation/spring/web/plugins/WebMvcRequestHandlerProvider.class]: Unsatisfied dependency expressed through constructor parameter 1; nested exception is org.springframework.beans.factory.BeanCreationException: Error creating bean with name 'webEndpointServletHandlerMapping' defined in class path resource [org/springframework/boot/actuate/autoconfigure/endpoint/web/servlet/WebMvcEndpointManagementContextConfiguration.class]: Bean instantiation via factory method failed; nested exception is org.springframework.beans.BeanInstantiationException: Failed to instantiate [org.springframework.boot.actuate.endpoint.web.servlet.WebMvcEndpointHandlerMapping]: Factory method 'webEndpointServletHandlerMapping' threw exception; nested exception is org.springframework.beans.factory.UnsatisfiedDependencyException: Error creating bean with name 'healthEndpoint' defined in class path resource [org/springframework/boot/actuate/autoconfigure/health/HealthEndpointConfiguration.class]: Unsatisfied dependency expressed through method 'healthEndpoint' parameter 0; nested exception is org.springframework.beans.factory.BeanCreationException: Error creating bean with name 'healthContributorRegistry' defined in class path resource [org/springframework/boot/actuate/autoconfigure/health/HealthEndpointConfiguration.class]: Bean instantiation via factory method failed; nested exception is org.springframework.beans.BeanInstantiationException: Failed to instantiate [org.springframework.boot.actuate.health.HealthContributorRegistry]: Factory method 'healthContributorRegistry' threw exception; nested exception is org.springframework.beans.factory.UnsatisfiedDependencyException: Error creating bean with name 'org.springframework.boot.actuate.autoconfigure.jdbc.DataSourceHealthContributorAutoConfiguration': Unsatisfied dependency expressed through constructor parameter 0; nested exception is org.springframework.beans.factory.BeanCreationException: Error creating bean with name 'dataSource' defined in class path resource [org/springframework/boot/autoconfigure/jdbc/DataSourceConfiguration$Hikari.class]: Bean instantiation via factory method failed; nested exception is org.springframework.beans.BeanInstantiationException: Failed to instantiate [com.zaxxer.hikari.HikariDataSource]: Factory method 'dataSource' threw exception; nested exception is org.springframework.boot.autoconfigure.jdbc.DataSourceProperties$DataSourceBeanCreationException: Failed to determine a suitable driver class
	at org.springframework.beans.factory.support.ConstructorResolver.createArgumentArray(ConstructorResolver.java:799) ~[spring-beans-5.2.13.RELEASE.jar:5.2.13.RELEASE]
	at org.springframework.beans.factory.support.ConstructorResolver.autowireConstructor(ConstructorResolver.java:228) ~[spring-beans-5.2.13.RELEASE.jar:5.2.13.RELEASE]
	at org.springframework.beans.factory.support.AbstractAutowireCapableBeanFactory.autowireConstructor(AbstractAutowireCapableBeanFactory.java:1361) ~[spring-beans-5.2.13.RELEASE.jar:5.2.13.RELEASE]
	at org.springframework.beans.factory.support.AbstractAutowireCapableBeanFactory.createBeanInstance(AbstractAutowireCapableBeanFactory.java:1208) ~[spring-beans-5.2.13.RELEASE.jar:5.2.13.RELEASE]
	at org.springframework.beans.factory.support.AbstractAutowireCapableBeanFactory.doCreateBean(AbstractAutowireCapableBeanFactory.java:556) ~[spring-beans-5.2.13.RELEASE.jar:5.2.13.RELEASE]
	at org.springframework.beans.factory.support.AbstractAutowireCapableBeanFactory.createBean(AbstractAutowireCapableBeanFactory.java:516) ~[spring-beans-5.2.13.RELEASE.jar:5.2.13.RELEASE]
	at org.springframework.beans.factory.support.AbstractBeanFactory.lambda$doGetBean$0(AbstractBeanFactory.java:324) ~[spring-beans-5.2.13.RELEASE.jar:5.2.13.RELEASE]
	at org.springframework.beans.factory.support.DefaultSingletonBeanRegistry.getSingleton(DefaultSingletonBeanRegistry.java:234) ~[spring-beans-5.2.13.RELEASE.jar:5.2.13.RELEASE]
	at org.springframework.beans.factory.support.AbstractBeanFactory.doGetBean(AbstractBeanFactory.java:322) ~[spring-beans-5.2.13.RELEASE.jar:5.2.13.RELEASE]
	at org.springframework.beans.factory.support.AbstractBeanFactory.getBean(AbstractBeanFactory.java:202) ~[spring-beans-5.2.13.RELEASE.jar:5.2.13.RELEASE]
	at org.springframework.beans.factory.config.DependencyDescriptor.resolveCandidate(DependencyDescriptor.java:276) ~[spring-beans-5.2.13.RELEASE.jar:5.2.13.RELEASE]
	at org.springframework.beans.factory.support.DefaultListableBeanFactory.addCandidateEntry(DefaultListableBeanFactory.java:1525) ~[spring-beans-5.2.13.RELEASE.jar:5.2.13.RELEASE]
	at org.springframework.beans.factory.support.DefaultListableBeanFactory.findAutowireCandidates(DefaultListableBeanFactory.java:1489) ~[spring-beans-5.2.13.RELEASE.jar:5.2.13.RELEASE]
	at org.springframework.beans.factory.support.DefaultListableBeanFactory.resolveMultipleBeans(DefaultListableBeanFactory.java:1378) ~[spring-beans-5.2.13.RELEASE.jar:5.2.13.RELEASE]
	at org.springframework.beans.factory.support.DefaultListableBeanFactory.doResolveDependency(DefaultListableBeanFactory.java:1265) ~[spring-beans-5.2.13.RELEASE.jar:5.2.13.RELEASE]
	at org.springframework.beans.factory.support.DefaultListableBeanFactory.resolveDependency(DefaultListableBeanFactory.java:1227) ~[spring-beans-5.2.13.RELEASE.jar:5.2.13.RELEASE]
	at org.springframework.beans.factory.support.ConstructorResolver.resolveAutowiredArgument(ConstructorResolver.java:886) ~[spring-beans-5.2.13.RELEASE.jar:5.2.13.RELEASE]
	at org.springframework.beans.factory.support.ConstructorResolver.createArgumentArray(ConstructorResolver.java:790) ~[spring-beans-5.2.13.RELEASE.jar:5.2.13.RELEASE]
	... 64 common frames omitted
Caused by: org.springframework.beans.factory.BeanCreationException: Error creating bean with name 'webEndpointServletHandlerMapping' defined in class path resource [org/springframework/boot/actuate/autoconfigure/endpoint/web/servlet/WebMvcEndpointManagementContextConfiguration.class]: Bean instantiation via factory method failed; nested exception is org.springframework.beans.BeanInstantiationException: Failed to instantiate [org.springframework.boot.actuate.endpoint.web.servlet.WebMvcEndpointHandlerMapping]: Factory method 'webEndpointServletHandlerMapping' threw exception; nested exception is org.springframework.beans.factory.UnsatisfiedDependencyException: Error creating bean with name 'healthEndpoint' defined in class path resource [org/springframework/boot/actuate/autoconfigure/health/HealthEndpointConfiguration.class]: Unsatisfied dependency expressed through method 'healthEndpoint' parameter 0; nested exception is org.springframework.beans.factory.BeanCreationException: Error creating bean with name 'healthContributorRegistry' defined in class path resource [org/springframework/boot/actuate/autoconfigure/health/HealthEndpointConfiguration.class]: Bean instantiation via factory method failed; nested exception is org.springframework.beans.BeanInstantiationException: Failed to instantiate [org.springframework.boot.actuate.health.HealthContributorRegistry]: Factory method 'healthContributorRegistry' threw exception; nested exception is org.springframework.beans.factory.UnsatisfiedDependencyException: Error creating bean with name 'org.springframework.boot.actuate.autoconfigure.jdbc.DataSourceHealthContributorAutoConfiguration': Unsatisfied dependency expressed through constructor parameter 0; nested exception is org.springframework.beans.factory.BeanCreationException: Error creating bean with name 'dataSource' defined in class path resource [org/springframework/boot/autoconfigure/jdbc/DataSourceConfiguration$Hikari.class]: Bean instantiation via factory method failed; nested exception is org.springframework.beans.BeanInstantiationException: Failed to instantiate [com.zaxxer.hikari.HikariDataSource]: Factory method 'dataSource' threw exception; nested exception is org.springframework.boot.autoconfigure.jdbc.DataSourceProperties$DataSourceBeanCreationException: Failed to determine a suitable driver class
	at org.springframework.beans.factory.support.ConstructorResolver.instantiate(ConstructorResolver.java:657) ~[spring-beans-5.2.13.RELEASE.jar:5.2.13.RELEASE]
	at org.springframework.beans.factory.support.ConstructorResolver.instantiateUsingFactoryMethod(ConstructorResolver.java:637) ~[spring-beans-5.2.13.RELEASE.jar:5.2.13.RELEASE]
	at org.springframework.beans.factory.support.AbstractAutowireCapableBeanFactory.instantiateUsingFactoryMethod(AbstractAutowireCapableBeanFactory.java:1341) ~[spring-beans-5.2.13.RELEASE.jar:5.2.13.RELEASE]
	at org.springframework.beans.factory.support.AbstractAutowireCapableBeanFactory.createBeanInstance(AbstractAutowireCapableBeanFactory.java:1181) ~[spring-beans-5.2.13.RELEASE.jar:5.2.13.RELEASE]
	at org.springframework.beans.factory.support.AbstractAutowireCapableBeanFactory.doCreateBean(AbstractAutowireCapableBeanFactory.java:556) ~[spring-beans-5.2.13.RELEASE.jar:5.2.13.RELEASE]
	at org.springframework.beans.factory.support.AbstractAutowireCapableBeanFactory.createBean(AbstractAutowireCapableBeanFactory.java:516) ~[spring-beans-5.2.13.RELEASE.jar:5.2.13.RELEASE]
	at org.springframework.beans.factory.support.AbstractBeanFactory.lambda$doGetBean$0(AbstractBeanFactory.java:324) ~[spring-beans-5.2.13.RELEASE.jar:5.2.13.RELEASE]
	at org.springframework.beans.factory.support.DefaultSingletonBeanRegistry.getSingleton(DefaultSingletonBeanRegistry.java:234) ~[spring-beans-5.2.13.RELEASE.jar:5.2.13.RELEASE]
	at org.springframework.beans.factory.support.AbstractBeanFactory.doGetBean(AbstractBeanFactory.java:322) ~[spring-beans-5.2.13.RELEASE.jar:5.2.13.RELEASE]
	at org.springframework.beans.factory.support.AbstractBeanFactory.getBean(AbstractBeanFactory.java:202) ~[spring-beans-5.2.13.RELEASE.jar:5.2.13.RELEASE]
	at org.springframework.beans.factory.config.DependencyDescriptor.resolveCandidate(DependencyDescriptor.java:276) ~[spring-beans-5.2.13.RELEASE.jar:5.2.13.RELEASE]
	at org.springframework.beans.factory.support.DefaultListableBeanFactory.addCandidateEntry(DefaultListableBeanFactory.java:1525) ~[spring-beans-5.2.13.RELEASE.jar:5.2.13.RELEASE]
	at org.springframework.beans.factory.support.DefaultListableBeanFactory.findAutowireCandidates(DefaultListableBeanFactory.java:1489) ~[spring-beans-5.2.13.RELEASE.jar:5.2.13.RELEASE]
	at org.springframework.beans.factory.support.DefaultListableBeanFactory.resolveMultipleBeans(DefaultListableBeanFactory.java:1378) ~[spring-beans-5.2.13.RELEASE.jar:5.2.13.RELEASE]
	at org.springframework.beans.factory.support.DefaultListableBeanFactory.doResolveDependency(DefaultListableBeanFactory.java:1265) ~[spring-beans-5.2.13.RELEASE.jar:5.2.13.RELEASE]
	at org.springframework.beans.factory.support.DefaultListableBeanFactory.resolveDependency(DefaultListableBeanFactory.java:1227) ~[spring-beans-5.2.13.RELEASE.jar:5.2.13.RELEASE]
	at org.springframework.beans.factory.support.ConstructorResolver.resolveAutowiredArgument(ConstructorResolver.java:886) ~[spring-beans-5.2.13.RELEASE.jar:5.2.13.RELEASE]
	at org.springframework.beans.factory.support.ConstructorResolver.createArgumentArray(ConstructorResolver.java:790) ~[spring-beans-5.2.13.RELEASE.jar:5.2.13.RELEASE]
	... 81 common frames omitted
Caused by: org.springframework.beans.BeanInstantiationException: Failed to instantiate [org.springframework.boot.actuate.endpoint.web.servlet.WebMvcEndpointHandlerMapping]: Factory method 'webEndpointServletHandlerMapping' threw exception; nested exception is org.springframework.beans.factory.UnsatisfiedDependencyException: Error creating bean with name 'healthEndpoint' defined in class path resource [org/springframework/boot/actuate/autoconfigure/health/HealthEndpointConfiguration.class]: Unsatisfied dependency expressed through method 'healthEndpoint' parameter 0; nested exception is org.springframework.beans.factory.BeanCreationException: Error creating bean with name 'healthContributorRegistry' defined in class path resource [org/springframework/boot/actuate/autoconfigure/health/HealthEndpointConfiguration.class]: Bean instantiation via factory method failed; nested exception is org.springframework.beans.BeanInstantiationException: Failed to instantiate [org.springframework.boot.actuate.health.HealthContributorRegistry]: Factory method 'healthContributorRegistry' threw exception; nested exception is org.springframework.beans.factory.UnsatisfiedDependencyException: Error creating bean with name 'org.springframework.boot.actuate.autoconfigure.jdbc.DataSourceHealthContributorAutoConfiguration': Unsatisfied dependency expressed through constructor parameter 0; nested exception is org.springframework.beans.factory.BeanCreationException: Error creating bean with name 'dataSource' defined in class path resource [org/springframework/boot/autoconfigure/jdbc/DataSourceConfiguration$Hikari.class]: Bean instantiation via factory method failed; nested exception is org.springframework.beans.BeanInstantiationException: Failed to instantiate [com.zaxxer.hikari.HikariDataSource]: Factory method 'dataSource' threw exception; nested exception is org.springframework.boot.autoconfigure.jdbc.DataSourceProperties$DataSourceBeanCreationException: Failed to determine a suitable driver class
	at org.springframework.beans.factory.support.SimpleInstantiationStrategy.instantiate(SimpleInstantiationStrategy.java:185) ~[spring-beans-5.2.13.RELEASE.jar:5.2.13.RELEASE]
	at org.springframework.beans.factory.support.ConstructorResolver.instantiate(ConstructorResolver.java:652) ~[spring-beans-5.2.13.RELEASE.jar:5.2.13.RELEASE]
	... 98 common frames omitted
Caused by: org.springframework.beans.factory.UnsatisfiedDependencyException: Error creating bean with name 'healthEndpoint' defined in class path resource [org/springframework/boot/actuate/autoconfigure/health/HealthEndpointConfiguration.class]: Unsatisfied dependency expressed through method 'healthEndpoint' parameter 0; nested exception is org.springframework.beans.factory.BeanCreationException: Error creating bean with name 'healthContributorRegistry' defined in class path resource [org/springframework/boot/actuate/autoconfigure/health/HealthEndpointConfiguration.class]: Bean instantiation via factory method failed; nested exception is org.springframework.beans.BeanInstantiationException: Failed to instantiate [org.springframework.boot.actuate.health.HealthContributorRegistry]: Factory method 'healthContributorRegistry' threw exception; nested exception is org.springframework.beans.factory.UnsatisfiedDependencyException: Error creating bean with name 'org.springframework.boot.actuate.autoconfigure.jdbc.DataSourceHealthContributorAutoConfiguration': Unsatisfied dependency expressed through constructor parameter 0; nested exception is org.springframework.beans.factory.BeanCreationException: Error creating bean with name 'dataSource' defined in class path resource [org/springframework/boot/autoconfigure/jdbc/DataSourceConfiguration$Hikari.class]: Bean instantiation via factory method failed; nested exception is org.springframework.beans.BeanInstantiationException: Failed to instantiate [com.zaxxer.hikari.HikariDataSource]: Factory method 'dataSource' threw exception; nested exception is org.springframework.boot.autoconfigure.jdbc.DataSourceProperties$DataSourceBeanCreationException: Failed to determine a suitable driver class
	at org.springframework.beans.factory.support.ConstructorResolver.createArgumentArray(ConstructorResolver.java:799) ~[spring-beans-5.2.13.RELEASE.jar:5.2.13.RELEASE]
	at org.springframework.beans.factory.support.ConstructorResolver.instantiateUsingFactoryMethod(ConstructorResolver.java:540) ~[spring-beans-5.2.13.RELEASE.jar:5.2.13.RELEASE]
	at org.springframework.beans.factory.support.AbstractAutowireCapableBeanFactory.instantiateUsingFactoryMethod(AbstractAutowireCapableBeanFactory.java:1341) ~[spring-beans-5.2.13.RELEASE.jar:5.2.13.RELEASE]
	at org.springframework.beans.factory.support.AbstractAutowireCapableBeanFactory.createBeanInstance(AbstractAutowireCapableBeanFactory.java:1181) ~[spring-beans-5.2.13.RELEASE.jar:5.2.13.RELEASE]
	at org.springframework.beans.factory.support.AbstractAutowireCapableBeanFactory.doCreateBean(AbstractAutowireCapableBeanFactory.java:556) ~[spring-beans-5.2.13.RELEASE.jar:5.2.13.RELEASE]
	at org.springframework.beans.factory.support.AbstractAutowireCapableBeanFactory.createBean(AbstractAutowireCapableBeanFactory.java:516) ~[spring-beans-5.2.13.RELEASE.jar:5.2.13.RELEASE]
	at org.springframework.beans.factory.support.AbstractBeanFactory.lambda$doGetBean$0(AbstractBeanFactory.java:324) ~[spring-beans-5.2.13.RELEASE.jar:5.2.13.RELEASE]
	at org.springframework.beans.factory.support.DefaultSingletonBeanRegistry.getSingleton(DefaultSingletonBeanRegistry.java:234) ~[spring-beans-5.2.13.RELEASE.jar:5.2.13.RELEASE]
	at org.springframework.beans.factory.support.AbstractBeanFactory.doGetBean(AbstractBeanFactory.java:322) ~[spring-beans-5.2.13.RELEASE.jar:5.2.13.RELEASE]
	at org.springframework.beans.factory.support.AbstractBeanFactory.getBean(AbstractBeanFactory.java:202) ~[spring-beans-5.2.13.RELEASE.jar:5.2.13.RELEASE]
	at org.springframework.context.support.AbstractApplicationContext.getBean(AbstractApplicationContext.java:1109) ~[spring-context-5.2.13.RELEASE.jar:5.2.13.RELEASE]
	at org.springframework.boot.actuate.endpoint.annotation.EndpointDiscoverer.lambda$createEndpointBean$1(EndpointDiscoverer.java:145) ~[spring-boot-actuator-2.3.9.RELEASE.jar:2.3.9.RELEASE]
	at org.springframework.boot.actuate.endpoint.annotation.EndpointDiscoverer$EndpointBean.getBean(EndpointDiscoverer.java:469) ~[spring-boot-actuator-2.3.9.RELEASE.jar:2.3.9.RELEASE]
	at org.springframework.boot.actuate.endpoint.annotation.EndpointDiscoverer.getFilterEndpoint(EndpointDiscoverer.java:329) ~[spring-boot-actuator-2.3.9.RELEASE.jar:2.3.9.RELEASE]
	at org.springframework.boot.actuate.endpoint.annotation.EndpointDiscoverer.isFilterMatch(EndpointDiscoverer.java:307) ~[spring-boot-actuator-2.3.9.RELEASE.jar:2.3.9.RELEASE]
	at org.springframework.boot.actuate.endpoint.annotation.EndpointDiscoverer.isExtensionExposed(EndpointDiscoverer.java:239) ~[spring-boot-actuator-2.3.9.RELEASE.jar:2.3.9.RELEASE]
	at org.springframework.boot.actuate.endpoint.annotation.EndpointDiscoverer.addExtensionBean(EndpointDiscoverer.java:170) ~[spring-boot-actuator-2.3.9.RELEASE.jar:2.3.9.RELEASE]
	at org.springframework.boot.actuate.endpoint.annotation.EndpointDiscoverer.addExtensionBeans(EndpointDiscoverer.java:159) ~[spring-boot-actuator-2.3.9.RELEASE.jar:2.3.9.RELEASE]
	at org.springframework.boot.actuate.endpoint.annotation.EndpointDiscoverer.discoverEndpoints(EndpointDiscoverer.java:124) ~[spring-boot-actuator-2.3.9.RELEASE.jar:2.3.9.RELEASE]
	at org.springframework.boot.actuate.endpoint.annotation.EndpointDiscoverer.getEndpoints(EndpointDiscoverer.java:117) ~[spring-boot-actuator-2.3.9.RELEASE.jar:2.3.9.RELEASE]
	at org.springframework.boot.actuate.autoconfigure.endpoint.web.servlet.WebMvcEndpointManagementContextConfiguration.webEndpointServletHandlerMapping(WebMvcEndpointManagementContextConfiguration.java:71) ~[spring-boot-actuator-autoconfigure-2.3.9.RELEASE.jar:2.3.9.RELEASE]
	at sun.reflect.NativeMethodAccessorImpl.invoke0(Native Method) ~[na:1.8.0_321]
	at sun.reflect.NativeMethodAccessorImpl.invoke(NativeMethodAccessorImpl.java:62) ~[na:1.8.0_321]
	at sun.reflect.DelegatingMethodAccessorImpl.invoke(DelegatingMethodAccessorImpl.java:43) ~[na:1.8.0_321]
	at java.lang.reflect.Method.invoke(Method.java:498) ~[na:1.8.0_321]
	at org.springframework.beans.factory.support.SimpleInstantiationStrategy.instantiate(SimpleInstantiationStrategy.java:154) ~[spring-beans-5.2.13.RELEASE.jar:5.2.13.RELEASE]
	... 99 common frames omitted
Caused by: org.springframework.beans.factory.BeanCreationException: Error creating bean with name 'healthContributorRegistry' defined in class path resource [org/springframework/boot/actuate/autoconfigure/health/HealthEndpointConfiguration.class]: Bean instantiation via factory method failed; nested exception is org.springframework.beans.BeanInstantiationException: Failed to instantiate [org.springframework.boot.actuate.health.HealthContributorRegistry]: Factory method 'healthContributorRegistry' threw exception; nested exception is org.springframework.beans.factory.UnsatisfiedDependencyException: Error creating bean with name 'org.springframework.boot.actuate.autoconfigure.jdbc.DataSourceHealthContributorAutoConfiguration': Unsatisfied dependency expressed through constructor parameter 0; nested exception is org.springframework.beans.factory.BeanCreationException: Error creating bean with name 'dataSource' defined in class path resource [org/springframework/boot/autoconfigure/jdbc/DataSourceConfiguration$Hikari.class]: Bean instantiation via factory method failed; nested exception is org.springframework.beans.BeanInstantiationException: Failed to instantiate [com.zaxxer.hikari.HikariDataSource]: Factory method 'dataSource' threw exception; nested exception is org.springframework.boot.autoconfigure.jdbc.DataSourceProperties$DataSourceBeanCreationException: Failed to determine a suitable driver class
	at org.springframework.beans.factory.support.ConstructorResolver.instantiate(ConstructorResolver.java:657) ~[spring-beans-5.2.13.RELEASE.jar:5.2.13.RELEASE]
	at org.springframework.beans.factory.support.ConstructorResolver.instantiateUsingFactoryMethod(ConstructorResolver.java:637) ~[spring-beans-5.2.13.RELEASE.jar:5.2.13.RELEASE]
	at org.springframework.beans.factory.support.AbstractAutowireCapableBeanFactory.instantiateUsingFactoryMethod(AbstractAutowireCapableBeanFactory.java:1341) ~[spring-beans-5.2.13.RELEASE.jar:5.2.13.RELEASE]
	at org.springframework.beans.factory.support.AbstractAutowireCapableBeanFactory.createBeanInstance(AbstractAutowireCapableBeanFactory.java:1181) ~[spring-beans-5.2.13.RELEASE.jar:5.2.13.RELEASE]
	at org.springframework.beans.factory.support.AbstractAutowireCapableBeanFactory.doCreateBean(AbstractAutowireCapableBeanFactory.java:556) ~[spring-beans-5.2.13.RELEASE.jar:5.2.13.RELEASE]
	at org.springframework.beans.factory.support.AbstractAutowireCapableBeanFactory.createBean(AbstractAutowireCapableBeanFactory.java:516) ~[spring-beans-5.2.13.RELEASE.jar:5.2.13.RELEASE]
	at org.springframework.beans.factory.support.AbstractBeanFactory.lambda$doGetBean$0(AbstractBeanFactory.java:324) ~[spring-beans-5.2.13.RELEASE.jar:5.2.13.RELEASE]
	at org.springframework.beans.factory.support.DefaultSingletonBeanRegistry.getSingleton(DefaultSingletonBeanRegistry.java:234) ~[spring-beans-5.2.13.RELEASE.jar:5.2.13.RELEASE]
	at org.springframework.beans.factory.support.AbstractBeanFactory.doGetBean(AbstractBeanFactory.java:322) ~[spring-beans-5.2.13.RELEASE.jar:5.2.13.RELEASE]
	at org.springframework.beans.factory.support.AbstractBeanFactory.getBean(AbstractBeanFactory.java:202) ~[spring-beans-5.2.13.RELEASE.jar:5.2.13.RELEASE]
	at org.springframework.beans.factory.config.DependencyDescriptor.resolveCandidate(DependencyDescriptor.java:276) ~[spring-beans-5.2.13.RELEASE.jar:5.2.13.RELEASE]
	at org.springframework.beans.factory.support.DefaultListableBeanFactory.doResolveDependency(DefaultListableBeanFactory.java:1307) ~[spring-beans-5.2.13.RELEASE.jar:5.2.13.RELEASE]
	at org.springframework.beans.factory.support.DefaultListableBeanFactory.resolveDependency(DefaultListableBeanFactory.java:1227) ~[spring-beans-5.2.13.RELEASE.jar:5.2.13.RELEASE]
	at org.springframework.beans.factory.support.ConstructorResolver.resolveAutowiredArgument(ConstructorResolver.java:886) ~[spring-beans-5.2.13.RELEASE.jar:5.2.13.RELEASE]
	at org.springframework.beans.factory.support.ConstructorResolver.createArgumentArray(ConstructorResolver.java:790) ~[spring-beans-5.2.13.RELEASE.jar:5.2.13.RELEASE]
	... 124 common frames omitted
Caused by: org.springframework.beans.BeanInstantiationException: Failed to instantiate [org.springframework.boot.actuate.health.HealthContributorRegistry]: Factory method 'healthContributorRegistry' threw exception; nested exception is org.springframework.beans.factory.UnsatisfiedDependencyException: Error creating bean with name 'org.springframework.boot.actuate.autoconfigure.jdbc.DataSourceHealthContributorAutoConfiguration': Unsatisfied dependency expressed through constructor parameter 0; nested exception is org.springframework.beans.factory.BeanCreationException: Error creating bean with name 'dataSource' defined in class path resource [org/springframework/boot/autoconfigure/jdbc/DataSourceConfiguration$Hikari.class]: Bean instantiation via factory method failed; nested exception is org.springframework.beans.BeanInstantiationException: Failed to instantiate [com.zaxxer.hikari.HikariDataSource]: Factory method 'dataSource' threw exception; nested exception is org.springframework.boot.autoconfigure.jdbc.DataSourceProperties$DataSourceBeanCreationException: Failed to determine a suitable driver class
	at org.springframework.beans.factory.support.SimpleInstantiationStrategy.instantiate(SimpleInstantiationStrategy.java:185) ~[spring-beans-5.2.13.RELEASE.jar:5.2.13.RELEASE]
	at org.springframework.beans.factory.support.ConstructorResolver.instantiate(ConstructorResolver.java:652) ~[spring-beans-5.2.13.RELEASE.jar:5.2.13.RELEASE]
	... 138 common frames omitted
Caused by: org.springframework.beans.factory.UnsatisfiedDependencyException: Error creating bean with name 'org.springframework.boot.actuate.autoconfigure.jdbc.DataSourceHealthContributorAutoConfiguration': Unsatisfied dependency expressed through constructor parameter 0; nested exception is org.springframework.beans.factory.BeanCreationException: Error creating bean with name 'dataSource' defined in class path resource [org/springframework/boot/autoconfigure/jdbc/DataSourceConfiguration$Hikari.class]: Bean instantiation via factory method failed; nested exception is org.springframework.beans.BeanInstantiationException: Failed to instantiate [com.zaxxer.hikari.HikariDataSource]: Factory method 'dataSource' threw exception; nested exception is org.springframework.boot.autoconfigure.jdbc.DataSourceProperties$DataSourceBeanCreationException: Failed to determine a suitable driver class
	at org.springframework.beans.factory.support.ConstructorResolver.createArgumentArray(ConstructorResolver.java:799) ~[spring-beans-5.2.13.RELEASE.jar:5.2.13.RELEASE]
	at org.springframework.beans.factory.support.ConstructorResolver.autowireConstructor(ConstructorResolver.java:228) ~[spring-beans-5.2.13.RELEASE.jar:5.2.13.RELEASE]
	at org.springframework.beans.factory.support.AbstractAutowireCapableBeanFactory.autowireConstructor(AbstractAutowireCapableBeanFactory.java:1361) ~[spring-beans-5.2.13.RELEASE.jar:5.2.13.RELEASE]
	at org.springframework.beans.factory.support.AbstractAutowireCapableBeanFactory.createBeanInstance(AbstractAutowireCapableBeanFactory.java:1208) ~[spring-beans-5.2.13.RELEASE.jar:5.2.13.RELEASE]
	at org.springframework.beans.factory.support.AbstractAutowireCapableBeanFactory.doCreateBean(AbstractAutowireCapableBeanFactory.java:556) ~[spring-beans-5.2.13.RELEASE.jar:5.2.13.RELEASE]
	at org.springframework.beans.factory.support.AbstractAutowireCapableBeanFactory.createBean(AbstractAutowireCapableBeanFactory.java:516) ~[spring-beans-5.2.13.RELEASE.jar:5.2.13.RELEASE]
	at org.springframework.beans.factory.support.AbstractBeanFactory.lambda$doGetBean$0(AbstractBeanFactory.java:324) ~[spring-beans-5.2.13.RELEASE.jar:5.2.13.RELEASE]
	at org.springframework.beans.factory.support.DefaultSingletonBeanRegistry.getSingleton(DefaultSingletonBeanRegistry.java:234) ~[spring-beans-5.2.13.RELEASE.jar:5.2.13.RELEASE]
	at org.springframework.beans.factory.support.AbstractBeanFactory.doGetBean(AbstractBeanFactory.java:322) ~[spring-beans-5.2.13.RELEASE.jar:5.2.13.RELEASE]
	at org.springframework.beans.factory.support.AbstractBeanFactory.getBean(AbstractBeanFactory.java:202) ~[spring-beans-5.2.13.RELEASE.jar:5.2.13.RELEASE]
	at org.springframework.beans.factory.support.ConstructorResolver.instantiateUsingFactoryMethod(ConstructorResolver.java:409) ~[spring-beans-5.2.13.RELEASE.jar:5.2.13.RELEASE]
	at org.springframework.beans.factory.support.AbstractAutowireCapableBeanFactory.instantiateUsingFactoryMethod(AbstractAutowireCapableBeanFactory.java:1341) ~[spring-beans-5.2.13.RELEASE.jar:5.2.13.RELEASE]
	at org.springframework.beans.factory.support.AbstractAutowireCapableBeanFactory.createBeanInstance(AbstractAutowireCapableBeanFactory.java:1181) ~[spring-beans-5.2.13.RELEASE.jar:5.2.13.RELEASE]
	at org.springframework.beans.factory.support.AbstractAutowireCapableBeanFactory.doCreateBean(AbstractAutowireCapableBeanFactory.java:556) ~[spring-beans-5.2.13.RELEASE.jar:5.2.13.RELEASE]
	at org.springframework.beans.factory.support.AbstractAutowireCapableBeanFactory.createBean(AbstractAutowireCapableBeanFactory.java:516) ~[spring-beans-5.2.13.RELEASE.jar:5.2.13.RELEASE]
	at org.springframework.beans.factory.support.AbstractBeanFactory.lambda$doGetBean$0(AbstractBeanFactory.java:324) ~[spring-beans-5.2.13.RELEASE.jar:5.2.13.RELEASE]
	at org.springframework.beans.factory.support.DefaultSingletonBeanRegistry.getSingleton(DefaultSingletonBeanRegistry.java:234) ~[spring-beans-5.2.13.RELEASE.jar:5.2.13.RELEASE]
	at org.springframework.beans.factory.support.AbstractBeanFactory.doGetBean(AbstractBeanFactory.java:322) ~[spring-beans-5.2.13.RELEASE.jar:5.2.13.RELEASE]
	at org.springframework.beans.factory.support.AbstractBeanFactory.getBean(AbstractBeanFactory.java:202) ~[spring-beans-5.2.13.RELEASE.jar:5.2.13.RELEASE]
	at org.springframework.beans.factory.support.DefaultListableBeanFactory.getBeansOfType(DefaultListableBeanFactory.java:624) ~[spring-beans-5.2.13.RELEASE.jar:5.2.13.RELEASE]
	at org.springframework.beans.factory.support.DefaultListableBeanFactory.getBeansOfType(DefaultListableBeanFactory.java:612) ~[spring-beans-5.2.13.RELEASE.jar:5.2.13.RELEASE]
	at org.springframework.context.support.AbstractApplicationContext.getBeansOfType(AbstractApplicationContext.java:1243) ~[spring-context-5.2.13.RELEASE.jar:5.2.13.RELEASE]
	at org.springframework.boot.actuate.autoconfigure.health.HealthEndpointConfiguration.healthContributorRegistry(HealthEndpointConfiguration.java:82) ~[spring-boot-actuator-autoconfigure-2.3.9.RELEASE.jar:2.3.9.RELEASE]
	at sun.reflect.NativeMethodAccessorImpl.invoke0(Native Method) ~[na:1.8.0_321]
	at sun.reflect.NativeMethodAccessorImpl.invoke(NativeMethodAccessorImpl.java:62) ~[na:1.8.0_321]
	at sun.reflect.DelegatingMethodAccessorImpl.invoke(DelegatingMethodAccessorImpl.java:43) ~[na:1.8.0_321]
	at java.lang.reflect.Method.invoke(Method.java:498) ~[na:1.8.0_321]
	at org.springframework.beans.factory.support.SimpleInstantiationStrategy.instantiate(SimpleInstantiationStrategy.java:154) ~[spring-beans-5.2.13.RELEASE.jar:5.2.13.RELEASE]
	... 139 common frames omitted
Caused by: org.springframework.beans.factory.BeanCreationException: Error creating bean with name 'dataSource' defined in class path resource [org/springframework/boot/autoconfigure/jdbc/DataSourceConfiguration$Hikari.class]: Bean instantiation via factory method failed; nested exception is org.springframework.beans.BeanInstantiationException: Failed to instantiate [com.zaxxer.hikari.HikariDataSource]: Factory method 'dataSource' threw exception; nested exception is org.springframework.boot.autoconfigure.jdbc.DataSourceProperties$DataSourceBeanCreationException: Failed to determine a suitable driver class
	at org.springframework.beans.factory.support.ConstructorResolver.instantiate(ConstructorResolver.java:657) ~[spring-beans-5.2.13.RELEASE.jar:5.2.13.RELEASE]
	at org.springframework.beans.factory.support.ConstructorResolver.instantiateUsingFactoryMethod(ConstructorResolver.java:637) ~[spring-beans-5.2.13.RELEASE.jar:5.2.13.RELEASE]
	at org.springframework.beans.factory.support.AbstractAutowireCapableBeanFactory.instantiateUsingFactoryMethod(AbstractAutowireCapableBeanFactory.java:1341) ~[spring-beans-5.2.13.RELEASE.jar:5.2.13.RELEASE]
	at org.springframework.beans.factory.support.AbstractAutowireCapableBeanFactory.createBeanInstance(AbstractAutowireCapableBeanFactory.java:1181) ~[spring-beans-5.2.13.RELEASE.jar:5.2.13.RELEASE]
	at org.springframework.beans.factory.support.AbstractAutowireCapableBeanFactory.doCreateBean(AbstractAutowireCapableBeanFactory.java:556) ~[spring-beans-5.2.13.RELEASE.jar:5.2.13.RELEASE]
	at org.springframework.beans.factory.support.AbstractAutowireCapableBeanFactory.createBean(AbstractAutowireCapableBeanFactory.java:516) ~[spring-beans-5.2.13.RELEASE.jar:5.2.13.RELEASE]
	at org.springframework.beans.factory.support.AbstractBeanFactory.lambda$doGetBean$0(AbstractBeanFactory.java:324) ~[spring-beans-5.2.13.RELEASE.jar:5.2.13.RELEASE]
	at org.springframework.beans.factory.support.DefaultSingletonBeanRegistry.getSingleton(DefaultSingletonBeanRegistry.java:234) ~[spring-beans-5.2.13.RELEASE.jar:5.2.13.RELEASE]
	at org.springframework.beans.factory.support.AbstractBeanFactory.doGetBean(AbstractBeanFactory.java:322) ~[spring-beans-5.2.13.RELEASE.jar:5.2.13.RELEASE]
	at org.springframework.beans.factory.support.AbstractBeanFactory.getBean(AbstractBeanFactory.java:202) ~[spring-beans-5.2.13.RELEASE.jar:5.2.13.RELEASE]
	at org.springframework.beans.factory.config.DependencyDescriptor.resolveCandidate(DependencyDescriptor.java:276) ~[spring-beans-5.2.13.RELEASE.jar:5.2.13.RELEASE]
	at org.springframework.beans.factory.support.DefaultListableBeanFactory.addCandidateEntry(DefaultListableBeanFactory.java:1525) ~[spring-beans-5.2.13.RELEASE.jar:5.2.13.RELEASE]
	at org.springframework.beans.factory.support.DefaultListableBeanFactory.findAutowireCandidates(DefaultListableBeanFactory.java:1489) ~[spring-beans-5.2.13.RELEASE.jar:5.2.13.RELEASE]
	at org.springframework.beans.factory.support.DefaultListableBeanFactory.resolveMultipleBeans(DefaultListableBeanFactory.java:1408) ~[spring-beans-5.2.13.RELEASE.jar:5.2.13.RELEASE]
	at org.springframework.beans.factory.support.DefaultListableBeanFactory.doResolveDependency(DefaultListableBeanFactory.java:1265) ~[spring-beans-5.2.13.RELEASE.jar:5.2.13.RELEASE]
	at org.springframework.beans.factory.support.DefaultListableBeanFactory.resolveDependency(DefaultListableBeanFactory.java:1227) ~[spring-beans-5.2.13.RELEASE.jar:5.2.13.RELEASE]
	at org.springframework.beans.factory.support.ConstructorResolver.resolveAutowiredArgument(ConstructorResolver.java:886) ~[spring-beans-5.2.13.RELEASE.jar:5.2.13.RELEASE]
	at org.springframework.beans.factory.support.ConstructorResolver.createArgumentArray(ConstructorResolver.java:790) ~[spring-beans-5.2.13.RELEASE.jar:5.2.13.RELEASE]
	... 166 common frames omitted
Caused by: org.springframework.beans.BeanInstantiationException: Failed to instantiate [com.zaxxer.hikari.HikariDataSource]: Factory method 'dataSource' threw exception; nested exception is org.springframework.boot.autoconfigure.jdbc.DataSourceProperties$DataSourceBeanCreationException: Failed to determine a suitable driver class
	at org.springframework.beans.factory.support.SimpleInstantiationStrategy.instantiate(SimpleInstantiationStrategy.java:185) ~[spring-beans-5.2.13.RELEASE.jar:5.2.13.RELEASE]
	at org.springframework.beans.factory.support.ConstructorResolver.instantiate(ConstructorResolver.java:652) ~[spring-beans-5.2.13.RELEASE.jar:5.2.13.RELEASE]
	... 183 common frames omitted
Caused by: org.springframework.boot.autoconfigure.jdbc.DataSourceProperties$DataSourceBeanCreationException: Failed to determine a suitable driver class
	at org.springframework.boot.autoconfigure.jdbc.DataSourceProperties.determineDriverClassName(DataSourceProperties.java:235) ~[spring-boot-autoconfigure-2.3.9.RELEASE.jar:2.3.9.RELEASE]
	at org.springframework.boot.autoconfigure.jdbc.DataSourceProperties.initializeDataSourceBuilder(DataSourceProperties.java:176) ~[spring-boot-autoconfigure-2.3.9.RELEASE.jar:2.3.9.RELEASE]
	at org.springframework.boot.autoconfigure.jdbc.DataSourceConfiguration.createDataSource(DataSourceConfiguration.java:43) ~[spring-boot-autoconfigure-2.3.9.RELEASE.jar:2.3.9.RELEASE]
	at org.springframework.boot.autoconfigure.jdbc.DataSourceConfiguration$Hikari.dataSource(DataSourceConfiguration.java:85) ~[spring-boot-autoconfigure-2.3.9.RELEASE.jar:2.3.9.RELEASE]
	at sun.reflect.NativeMethodAccessorImpl.invoke0(Native Method) ~[na:1.8.0_321]
	at sun.reflect.NativeMethodAccessorImpl.invoke(NativeMethodAccessorImpl.java:62) ~[na:1.8.0_321]
	at sun.reflect.DelegatingMethodAccessorImpl.invoke(DelegatingMethodAccessorImpl.java:43) ~[na:1.8.0_321]
	at java.lang.reflect.Method.invoke(Method.java:498) ~[na:1.8.0_321]
	at org.springframework.beans.factory.support.SimpleInstantiationStrategy.instantiate(SimpleInstantiationStrategy.java:154) ~[spring-beans-5.2.13.RELEASE.jar:5.2.13.RELEASE]
	... 184 common frames omitted

]]></system-out>
    <system-err><![CDATA[SLF4J: Class path contains multiple SLF4J bindings.
SLF4J: Found binding in [jar:file:/D:/work_place/IDEA/respository/respository_new/ch/qos/logback/logback-classic/1.2.3/logback-classic-1.2.3.jar!/org/slf4j/impl/StaticLoggerBinder.class]
SLF4J: Found binding in [jar:file:/D:/work_place/IDEA/respository/respository_new/org/apache/logging/log4j/log4j-slf4j-impl/2.13.3/log4j-slf4j-impl-2.13.3.jar!/org/slf4j/impl/StaticLoggerBinder.class]
SLF4J: See http://www.slf4j.org/codes.html#multiple_bindings for an explanation.
SLF4J: Actual binding is of type [ch.qos.logback.classic.util.ContextSelectorStaticBinder]
]]></system-err>
  </testcase>
</testsuite>